[ 2017-03-09T16:17:38+08:00 ] 127.0.0.1 /index.php/Uploads/2017-03-09/s_58c0cb3e2d028.jpg
INFO: [ app_init ] --START--
INFO: Run Behavior\BuildLiteBehavior [ RunTime:0.000000s ]
INFO: [ app_init ] --END-- [ RunTime:0.001000s ]
ERR: 无法加载模块:Uploads

[ 2017-03-09T16:19:30+08:00 ] 127.0.0.1 /index.php/Uploads/2017-03-09/s_58c100e093edc.jpg
INFO: [ app_init ] --START--
INFO: Run Behavior\BuildLiteBehavior [ RunTime:0.000000s ]
INFO: [ app_init ] --END-- [ RunTime:0.001000s ]
ERR: 无法加载模块:Uploads

[ 2017-03-09T16:23:12+08:00 ] 127.0.0.1 /index.php/Uploads/2017-03-09/s_58c10e81d502b.jpg
INFO: [ app_init ] --START--
INFO: Run Behavior\BuildLiteBehavior [ RunTime:0.000000s ]
INFO: [ app_init ] --END-- [ RunTime:0.001000s ]
ERR: 无法加载模块:Uploads

[ 2017-03-09T17:00:50+08:00 ] 127.0.0.1 /index.php/Uploads/2017-03-09/s_58c0cb3e2d028.jpg
INFO: [ app_init ] --START--
INFO: Run Behavior\BuildLiteBehavior [ RunTime:0.000000s ]
INFO: [ app_init ] --END-- [ RunTime:0.001000s ]
ERR: 无法加载模块:Uploads

