[ 2017-03-17T09:01:51+08:00 ] 127.0.0.1 /index.php/Home/Login/login.html
INFO: [ app_init ] --START--
INFO: Run Behavior\BuildLiteBehavior [ RunTime:0.000000s ]
INFO: [ app_init ] --END-- [ RunTime:0.001000s ]
INFO: [ app_begin ] --START--
INFO: Run Behavior\ReadHtmlCacheBehavior [ RunTime:0.002000s ]
INFO: [ app_begin ] --END-- [ RunTime:0.002000s ]
SQL: SHOW COLUMNS FROM `ts_student` [ RunTime:0.0110s ]
INFO: [ view_parse ] --START--
INFO: [ template_filter ] --START--
INFO: Run Behavior\ContentReplaceBehavior [ RunTime:0.000000s ]
INFO: [ template_filter ] --END-- [ RunTime:0.000000s ]
INFO: Run Behavior\ParseTemplateBehavior [ RunTime:0.032002s ]
INFO: [ view_parse ] --END-- [ RunTime:0.033002s ]
INFO: [ view_filter ] --START--
INFO: Run Behavior\WriteHtmlCacheBehavior [ RunTime:0.001000s ]
INFO: [ view_filter ] --END-- [ RunTime:0.001000s ]
INFO: [ app_end ] --START--
INFO: Run Behavior\ShowPageTraceBehavior [ RunTime:0.010001s ]
INFO: [ app_end ] --END-- [ RunTime:0.010001s ]

[ 2017-03-17T09:02:06+08:00 ] 127.0.0.1 /index.php/Home/Login/index/opt/doLogin.html
INFO: [ app_init ] --START--
INFO: Run Behavior\BuildLiteBehavior [ RunTime:0.001000s ]
INFO: [ app_init ] --END-- [ RunTime:0.001000s ]
INFO: [ app_begin ] --START--
INFO: Run Behavior\ReadHtmlCacheBehavior [ RunTime:0.001000s ]
INFO: [ app_begin ] --END-- [ RunTime:0.001000s ]
SQL: SHOW COLUMNS FROM `ts_student` [ RunTime:2.6482s ]
ERR: 1054:Champ 's.name' inconnu dans field list
 [ SQL语句 ] : SELECT s.name AS `name`,g.name AS `gname`,g.group AS `group`,s.sphoto AS `photo` FROM ts_student t INNER JOIN ts_group g on t.group=g.id  WHERE s.name = '曹操' AND s.pwd = '96e79218965eb72c92a549dd5a330112' LIMIT 1  
ERR: 1054:Champ 's.name' inconnu dans field list
 [ SQL语句 ] : SELECT s.name AS `name`,g.name AS `gname`,g.group AS `group`,s.sphoto AS `photo` FROM ts_student t INNER JOIN ts_group g on t.group=g.id  WHERE s.name = '曹操' AND s.pwd = '96e79218965eb72c92a549dd5a330112' LIMIT 1  

[ 2017-03-17T09:07:58+08:00 ] 127.0.0.1 /index.php/Home/Login/index/opt/doLogin.html
INFO: [ app_init ] --START--
INFO: Run Behavior\BuildLiteBehavior [ RunTime:0.000000s ]
INFO: [ app_init ] --END-- [ RunTime:0.001000s ]
INFO: [ app_begin ] --START--
INFO: Run Behavior\ReadHtmlCacheBehavior [ RunTime:0.001000s ]
INFO: [ app_begin ] --END-- [ RunTime:0.001000s ]
SQL: SHOW COLUMNS FROM `ts_student` [ RunTime:0.0120s ]
ERR: 1054:Champ 'g.group' inconnu dans field list
 [ SQL语句 ] : SELECT g.name AS `gname`,g.group AS `group`,s.sphoto AS `photo` FROM ts_student t INNER JOIN ts_group g on t.group=g.id  WHERE s.pwd = '96e79218965eb72c92a549dd5a330112' LIMIT 1  
ERR: 1054:Champ 'g.group' inconnu dans field list
 [ SQL语句 ] : SELECT g.name AS `gname`,g.group AS `group`,s.sphoto AS `photo` FROM ts_student t INNER JOIN ts_group g on t.group=g.id  WHERE s.pwd = '96e79218965eb72c92a549dd5a330112' LIMIT 1  

[ 2017-03-17T09:08:10+08:00 ] 127.0.0.1 /index.php/Home/Login/index/opt/doLogin.html
INFO: [ app_init ] --START--
INFO: Run Behavior\BuildLiteBehavior [ RunTime:0.000000s ]
INFO: [ app_init ] --END-- [ RunTime:0.001000s ]
INFO: [ app_begin ] --START--
INFO: Run Behavior\ReadHtmlCacheBehavior [ RunTime:0.001000s ]
INFO: [ app_begin ] --END-- [ RunTime:0.001000s ]
SQL: SHOW COLUMNS FROM `ts_student` [ RunTime:0.0130s ]
ERR: 1054:Champ 's.sphoto' inconnu dans field list
 [ SQL语句 ] : SELECT g.name AS `gname`,s.sphoto AS `photo` FROM ts_student t INNER JOIN ts_group g on t.group=g.id  WHERE s.pwd = '96e79218965eb72c92a549dd5a330112' LIMIT 1  
ERR: 1054:Champ 's.sphoto' inconnu dans field list
 [ SQL语句 ] : SELECT g.name AS `gname`,s.sphoto AS `photo` FROM ts_student t INNER JOIN ts_group g on t.group=g.id  WHERE s.pwd = '96e79218965eb72c92a549dd5a330112' LIMIT 1  

[ 2017-03-17T09:08:18+08:00 ] 127.0.0.1 /index.php/Home/Login/index/opt/doLogin.html
INFO: [ app_init ] --START--
INFO: Run Behavior\BuildLiteBehavior [ RunTime:0.001000s ]
INFO: [ app_init ] --END-- [ RunTime:0.001000s ]
INFO: [ app_begin ] --START--
INFO: Run Behavior\ReadHtmlCacheBehavior [ RunTime:0.001000s ]
INFO: [ app_begin ] --END-- [ RunTime:0.001000s ]
SQL: SHOW COLUMNS FROM `ts_student` [ RunTime:0.0160s ]
ERR: 1054:Champ 's.pwd' inconnu dans where clause
 [ SQL语句 ] : SELECT g.name AS `gname` FROM ts_student t INNER JOIN ts_group g on t.group=g.id  WHERE s.pwd = '96e79218965eb72c92a549dd5a330112' LIMIT 1  
ERR: 1054:Champ 's.pwd' inconnu dans where clause
 [ SQL语句 ] : SELECT g.name AS `gname` FROM ts_student t INNER JOIN ts_group g on t.group=g.id  WHERE s.pwd = '96e79218965eb72c92a549dd5a330112' LIMIT 1  

[ 2017-03-17T09:08:28+08:00 ] 127.0.0.1 /index.php/Home/Login/index/opt/doLogin.html
INFO: [ app_init ] --START--
INFO: Run Behavior\BuildLiteBehavior [ RunTime:0.000000s ]
INFO: [ app_init ] --END-- [ RunTime:0.001000s ]
INFO: [ app_begin ] --START--
INFO: Run Behavior\ReadHtmlCacheBehavior [ RunTime:0.002000s ]
INFO: [ app_begin ] --END-- [ RunTime:0.002000s ]
SQL: SHOW COLUMNS FROM `ts_student` [ RunTime:0.0300s ]
SQL: SELECT g.name AS `gname` FROM ts_student t INNER JOIN ts_group g on t.group=g.id  LIMIT 1   [ RunTime:0.0010s ]
NOTIC: [8] Undefined index: name D:\wwwroot\arche\Application\Home\Controller\LoginController.class.php 第 50 行.
INFO: [ view_parse ] --START--
INFO: [ template_filter ] --START--
INFO: Run Behavior\ContentReplaceBehavior [ RunTime:0.001000s ]
INFO: [ template_filter ] --END-- [ RunTime:0.001000s ]
INFO: Run Behavior\ParseTemplateBehavior [ RunTime:0.014000s ]
INFO: [ view_parse ] --END-- [ RunTime:0.015001s ]
INFO: [ view_filter ] --START--
INFO: Run Behavior\WriteHtmlCacheBehavior [ RunTime:0.001000s ]
INFO: [ view_filter ] --END-- [ RunTime:0.001000s ]
INFO: [ app_end ] --START--
INFO: Run Behavior\ShowPageTraceBehavior [ RunTime:0.001000s ]
INFO: [ app_end ] --END-- [ RunTime:0.001000s ]

[ 2017-03-17T09:08:29+08:00 ] 127.0.0.1 /index.php/Home/Index/index.html
INFO: [ app_init ] --START--
INFO: Run Behavior\BuildLiteBehavior [ RunTime:0.000000s ]
INFO: [ app_init ] --END-- [ RunTime:0.001000s ]
INFO: [ app_begin ] --START--
INFO: Run Behavior\ReadHtmlCacheBehavior [ RunTime:0.002000s ]
INFO: [ app_begin ] --END-- [ RunTime:0.002000s ]
INFO: [ view_parse ] --START--
INFO: Run Behavior\ParseTemplateBehavior [ RunTime:0.006000s ]
INFO: [ view_parse ] --END-- [ RunTime:0.006000s ]
INFO: [ view_filter ] --START--
INFO: Run Behavior\WriteHtmlCacheBehavior [ RunTime:0.001000s ]
INFO: [ view_filter ] --END-- [ RunTime:0.001000s ]
INFO: [ app_end ] --START--
INFO: Run Behavior\ShowPageTraceBehavior [ RunTime:0.001001s ]
INFO: [ app_end ] --END-- [ RunTime:0.001001s ]

[ 2017-03-17T09:08:56+08:00 ] 127.0.0.1 /index.php/Home/Login/index/opt/doLogin.html
INFO: [ app_init ] --START--
INFO: Run Behavior\BuildLiteBehavior [ RunTime:0.000000s ]
INFO: [ app_init ] --END-- [ RunTime:0.001000s ]
INFO: [ app_begin ] --START--
INFO: Run Behavior\ReadHtmlCacheBehavior [ RunTime:0.001000s ]
INFO: [ app_begin ] --END-- [ RunTime:0.001000s ]
SQL: SHOW COLUMNS FROM `ts_student` [ RunTime:0.0240s ]
SQL: SELECT g.name AS `gname` FROM ts_student t INNER JOIN ts_group g on t.group=g.id  LIMIT 1   [ RunTime:0.0010s ]
NOTIC: [8] Undefined index: name D:\wwwroot\arche\Application\Home\Controller\LoginController.class.php 第 50 行.
INFO: [ view_parse ] --START--
INFO: [ template_filter ] --START--
INFO: Run Behavior\ContentReplaceBehavior [ RunTime:0.000000s ]
INFO: [ template_filter ] --END-- [ RunTime:0.001000s ]
INFO: Run Behavior\ParseTemplateBehavior [ RunTime:0.013001s ]
INFO: [ view_parse ] --END-- [ RunTime:0.014001s ]
INFO: [ view_filter ] --START--
INFO: Run Behavior\WriteHtmlCacheBehavior [ RunTime:0.001000s ]
INFO: [ view_filter ] --END-- [ RunTime:0.001000s ]
INFO: [ app_end ] --START--
INFO: Run Behavior\ShowPageTraceBehavior [ RunTime:0.002000s ]
INFO: [ app_end ] --END-- [ RunTime:0.002000s ]

[ 2017-03-17T09:08:57+08:00 ] 127.0.0.1 /index.php/Home/Index/index.html
INFO: [ app_init ] --START--
INFO: Run Behavior\BuildLiteBehavior [ RunTime:0.000000s ]
INFO: [ app_init ] --END-- [ RunTime:0.001000s ]
INFO: [ app_begin ] --START--
INFO: Run Behavior\ReadHtmlCacheBehavior [ RunTime:0.001000s ]
INFO: [ app_begin ] --END-- [ RunTime:0.001000s ]
INFO: [ view_parse ] --START--
INFO: Run Behavior\ParseTemplateBehavior [ RunTime:0.001000s ]
INFO: [ view_parse ] --END-- [ RunTime:0.001000s ]
INFO: [ view_filter ] --START--
INFO: Run Behavior\WriteHtmlCacheBehavior [ RunTime:0.001000s ]
INFO: [ view_filter ] --END-- [ RunTime:0.001000s ]
INFO: [ app_end ] --START--
INFO: Run Behavior\ShowPageTraceBehavior [ RunTime:0.001000s ]
INFO: [ app_end ] --END-- [ RunTime:0.002000s ]

[ 2017-03-17T09:09:18+08:00 ] 127.0.0.1 /index.php/Home/Index/index.html
INFO: [ app_init ] --START--
INFO: Run Behavior\BuildLiteBehavior [ RunTime:0.000000s ]
INFO: [ app_init ] --END-- [ RunTime:0.002000s ]
INFO: [ app_begin ] --START--
INFO: Run Behavior\ReadHtmlCacheBehavior [ RunTime:0.001000s ]
INFO: [ app_begin ] --END-- [ RunTime:0.001000s ]
INFO: [ view_parse ] --START--
INFO: Run Behavior\ParseTemplateBehavior [ RunTime:0.001000s ]
INFO: [ view_parse ] --END-- [ RunTime:0.002000s ]
INFO: [ view_filter ] --START--
INFO: Run Behavior\WriteHtmlCacheBehavior [ RunTime:0.001000s ]
INFO: [ view_filter ] --END-- [ RunTime:0.001000s ]
INFO: [ app_end ] --START--
INFO: Run Behavior\ShowPageTraceBehavior [ RunTime:0.001000s ]
INFO: [ app_end ] --END-- [ RunTime:0.002000s ]

[ 2017-03-17T09:09:22+08:00 ] 127.0.0.1 /index.php/Home/Index/index.html
INFO: [ app_init ] --START--
INFO: Run Behavior\BuildLiteBehavior [ RunTime:0.000000s ]
INFO: [ app_init ] --END-- [ RunTime:0.001000s ]
INFO: [ app_begin ] --START--
INFO: Run Behavior\ReadHtmlCacheBehavior [ RunTime:0.001000s ]
INFO: [ app_begin ] --END-- [ RunTime:0.002000s ]
INFO: [ view_parse ] --START--
INFO: Run Behavior\ParseTemplateBehavior [ RunTime:0.001000s ]
INFO: [ view_parse ] --END-- [ RunTime:0.001000s ]
INFO: [ view_filter ] --START--
INFO: Run Behavior\WriteHtmlCacheBehavior [ RunTime:0.001000s ]
INFO: [ view_filter ] --END-- [ RunTime:0.001000s ]
INFO: [ app_end ] --START--
INFO: Run Behavior\ShowPageTraceBehavior [ RunTime:0.001000s ]
INFO: [ app_end ] --END-- [ RunTime:0.002000s ]

[ 2017-03-17T09:09:28+08:00 ] 127.0.0.1 /index.php/Home/Login/index/opt/doLogin.html
INFO: [ app_init ] --START--
INFO: Run Behavior\BuildLiteBehavior [ RunTime:0.000000s ]
INFO: [ app_init ] --END-- [ RunTime:0.001000s ]
INFO: [ app_begin ] --START--
INFO: Run Behavior\ReadHtmlCacheBehavior [ RunTime:0.001000s ]
INFO: [ app_begin ] --END-- [ RunTime:0.001000s ]
SQL: SHOW COLUMNS FROM `ts_student` [ RunTime:0.0110s ]
ERR: 1054:Champ 's.name' inconnu dans field list
 [ SQL语句 ] : SELECT s.name AS `name`,g.name AS `gname`,g.group AS `group`,s.sphoto AS `photo` FROM ts_student t INNER JOIN ts_group g on t.group=g.id  WHERE s.name = '曹操' AND s.pwd = 'e78582c7fa761cb9358009503f2810a9' LIMIT 1  
ERR: 1054:Champ 's.name' inconnu dans field list
 [ SQL语句 ] : SELECT s.name AS `name`,g.name AS `gname`,g.group AS `group`,s.sphoto AS `photo` FROM ts_student t INNER JOIN ts_group g on t.group=g.id  WHERE s.name = '曹操' AND s.pwd = 'e78582c7fa761cb9358009503f2810a9' LIMIT 1  

[ 2017-03-17T09:11:10+08:00 ] 127.0.0.1 /index.php/Home/Login/index/opt/doLogin.html
INFO: [ app_init ] --START--
INFO: Run Behavior\BuildLiteBehavior [ RunTime:0.000000s ]
INFO: [ app_init ] --END-- [ RunTime:0.002000s ]
INFO: [ app_begin ] --START--
INFO: Run Behavior\ReadHtmlCacheBehavior [ RunTime:0.004000s ]
INFO: [ app_begin ] --END-- [ RunTime:0.004000s ]
SQL: SHOW COLUMNS FROM `ts_student` [ RunTime:0.0140s ]
ERR: 1054:Champ 't.name' inconnu dans field list
 [ SQL语句 ] : SELECT t.name AS `name`,g.name AS `gname`,g.group AS `group`,t.sphoto AS `photo` FROM ts_student t INNER JOIN ts_group g on t.group=g.id  WHERE t.name = '曹操' AND t.pwd = 'e78582c7fa761cb9358009503f2810a9' LIMIT 1  
ERR: 1054:Champ 't.name' inconnu dans field list
 [ SQL语句 ] : SELECT t.name AS `name`,g.name AS `gname`,g.group AS `group`,t.sphoto AS `photo` FROM ts_student t INNER JOIN ts_group g on t.group=g.id  WHERE t.name = '曹操' AND t.pwd = 'e78582c7fa761cb9358009503f2810a9' LIMIT 1  

[ 2017-03-17T10:52:32+08:00 ] 127.0.0.1 /index.php/Home/Login/login.html
INFO: [ app_init ] --START--
INFO: Run Behavior\BuildLiteBehavior [ RunTime:0.000000s ]
INFO: [ app_init ] --END-- [ RunTime:0.001000s ]
INFO: [ app_begin ] --START--
INFO: Run Behavior\ReadHtmlCacheBehavior [ RunTime:0.001000s ]
INFO: [ app_begin ] --END-- [ RunTime:0.001000s ]
SQL: SHOW COLUMNS FROM `ts_student` [ RunTime:0.0100s ]
INFO: [ view_parse ] --START--
INFO: [ template_filter ] --START--
INFO: Run Behavior\ContentReplaceBehavior [ RunTime:0.000000s ]
INFO: [ template_filter ] --END-- [ RunTime:0.002000s ]
INFO: Run Behavior\ParseTemplateBehavior [ RunTime:0.071004s ]
INFO: [ view_parse ] --END-- [ RunTime:0.071004s ]
INFO: [ view_filter ] --START--
INFO: Run Behavior\WriteHtmlCacheBehavior [ RunTime:0.003000s ]
INFO: [ view_filter ] --END-- [ RunTime:0.003000s ]
INFO: [ app_end ] --START--
INFO: Run Behavior\ShowPageTraceBehavior [ RunTime:0.002001s ]
INFO: [ app_end ] --END-- [ RunTime:0.002001s ]

[ 2017-03-17T10:52:39+08:00 ] 127.0.0.1 /index.php/Home/Login/index/opt/doLogin.html
INFO: [ app_init ] --START--
INFO: Run Behavior\BuildLiteBehavior [ RunTime:0.001000s ]
INFO: [ app_init ] --END-- [ RunTime:0.001000s ]
INFO: [ app_begin ] --START--
INFO: Run Behavior\ReadHtmlCacheBehavior [ RunTime:0.001000s ]
INFO: [ app_begin ] --END-- [ RunTime:0.001000s ]
SQL: SHOW COLUMNS FROM `ts_student` [ RunTime:0.0110s ]
ERR: 1054:Champ 't.name' inconnu dans field list
 [ SQL语句 ] : SELECT t.name AS `name`,g.name AS `gname`,g.group AS `group`,t.sphoto AS `photo` FROM ts_student t INNER JOIN ts_group g on t.group=g.id  WHERE t.name = '刘备' AND t.pwd = '96e79218965eb72c92a549dd5a330112' LIMIT 1  
ERR: 1054:Champ 't.name' inconnu dans field list
 [ SQL语句 ] : SELECT t.name AS `name`,g.name AS `gname`,g.group AS `group`,t.sphoto AS `photo` FROM ts_student t INNER JOIN ts_group g on t.group=g.id  WHERE t.name = '刘备' AND t.pwd = '96e79218965eb72c92a549dd5a330112' LIMIT 1  

[ 2017-03-17T10:53:33+08:00 ] 127.0.0.1 /index.php/Home/Login/index/opt/doLogin.html
INFO: [ app_init ] --START--
INFO: Run Behavior\BuildLiteBehavior [ RunTime:0.000000s ]
INFO: [ app_init ] --END-- [ RunTime:0.001000s ]
INFO: [ app_begin ] --START--
INFO: Run Behavior\ReadHtmlCacheBehavior [ RunTime:0.001000s ]
INFO: [ app_begin ] --END-- [ RunTime:0.002000s ]
SQL: SHOW COLUMNS FROM `ts_student` [ RunTime:0.0580s ]
ERR: 1054:Champ 't.name' inconnu dans field list
 [ SQL语句 ] : SELECT t.name AS `name`,g.name AS `gname`,g.group AS `group`,t.sphoto AS `photo` FROM ts_student t INNER JOIN ts_group g on t.group=g.id  WHERE t.name = 'admin' AND t.pwd = '96e79218965eb72c92a549dd5a330112' LIMIT 1  
ERR: 1054:Champ 't.name' inconnu dans field list
 [ SQL语句 ] : SELECT t.name AS `name`,g.name AS `gname`,g.group AS `group`,t.sphoto AS `photo` FROM ts_student t INNER JOIN ts_group g on t.group=g.id  WHERE t.name = 'admin' AND t.pwd = '96e79218965eb72c92a549dd5a330112' LIMIT 1  

[ 2017-03-17T10:53:44+08:00 ] 127.0.0.1 /index.php/Home/Login/index/opt/doLogin.html
INFO: [ app_init ] --START--
INFO: Run Behavior\BuildLiteBehavior [ RunTime:0.000000s ]
INFO: [ app_init ] --END-- [ RunTime:0.002000s ]
INFO: [ app_begin ] --START--
INFO: Run Behavior\ReadHtmlCacheBehavior [ RunTime:0.001000s ]
INFO: [ app_begin ] --END-- [ RunTime:0.001000s ]
SQL: SHOW COLUMNS FROM `ts_student` [ RunTime:0.0180s ]
ERR: 1054:Champ 't.name' inconnu dans field list
 [ SQL语句 ] : SELECT t.name AS `name`,g.name AS `gname`,g.group AS `group`,t.sphoto AS `photo` FROM ts_student t INNER JOIN ts_group g on t.group=g.id  WHERE t.name = 'admin' AND t.pwd = '96e79218965eb72c92a549dd5a330112' LIMIT 1  
ERR: 1054:Champ 't.name' inconnu dans field list
 [ SQL语句 ] : SELECT t.name AS `name`,g.name AS `gname`,g.group AS `group`,t.sphoto AS `photo` FROM ts_student t INNER JOIN ts_group g on t.group=g.id  WHERE t.name = 'admin' AND t.pwd = '96e79218965eb72c92a549dd5a330112' LIMIT 1  

[ 2017-03-17T10:54:07+08:00 ] 127.0.0.1 /index.php/Home/Login/login.html
INFO: [ app_init ] --START--
INFO: Run Behavior\BuildLiteBehavior [ RunTime:0.000000s ]
INFO: [ app_init ] --END-- [ RunTime:0.001000s ]
INFO: [ app_begin ] --START--
INFO: Run Behavior\ReadHtmlCacheBehavior [ RunTime:0.001000s ]
INFO: [ app_begin ] --END-- [ RunTime:0.001000s ]
SQL: SHOW COLUMNS FROM `ts_student` [ RunTime:0.0240s ]
ERR: 非法操作:login

[ 2017-03-17T10:54:08+08:00 ] 127.0.0.1 /index.php/Home/Login/login.html
INFO: [ app_init ] --START--
INFO: Run Behavior\BuildLiteBehavior [ RunTime:0.000000s ]
INFO: [ app_init ] --END-- [ RunTime:0.002000s ]
INFO: [ app_begin ] --START--
INFO: Run Behavior\ReadHtmlCacheBehavior [ RunTime:0.001000s ]
INFO: [ app_begin ] --END-- [ RunTime:0.001000s ]
SQL: SHOW COLUMNS FROM `ts_student` [ RunTime:0.0100s ]
ERR: 非法操作:login

[ 2017-03-17T10:58:24+08:00 ] 127.0.0.1 /index.php/Home/Login/login.html
INFO: [ app_init ] --START--
INFO: Run Behavior\BuildLiteBehavior [ RunTime:0.000000s ]
INFO: [ app_init ] --END-- [ RunTime:0.001000s ]
INFO: [ app_begin ] --START--
INFO: Run Behavior\ReadHtmlCacheBehavior [ RunTime:0.001000s ]
INFO: [ app_begin ] --END-- [ RunTime:0.002000s ]
SQL: SHOW COLUMNS FROM `ts_student` [ RunTime:0.0230s ]
ERR: 非法操作:login

[ 2017-03-17T10:58:26+08:00 ] 127.0.0.1 /index.php/Home/Login/login.html
INFO: [ app_init ] --START--
INFO: Run Behavior\BuildLiteBehavior [ RunTime:0.001000s ]
INFO: [ app_init ] --END-- [ RunTime:0.001000s ]
INFO: [ app_begin ] --START--
INFO: Run Behavior\ReadHtmlCacheBehavior [ RunTime:0.001000s ]
INFO: [ app_begin ] --END-- [ RunTime:0.001000s ]
SQL: SHOW COLUMNS FROM `ts_student` [ RunTime:0.0140s ]
ERR: 非法操作:login

[ 2017-03-17T10:58:27+08:00 ] 127.0.0.1 /index.php/Home/Login/login.html
INFO: [ app_init ] --START--
INFO: Run Behavior\BuildLiteBehavior [ RunTime:0.000000s ]
INFO: [ app_init ] --END-- [ RunTime:0.002001s ]
INFO: [ app_begin ] --START--
INFO: Run Behavior\ReadHtmlCacheBehavior [ RunTime:0.001000s ]
INFO: [ app_begin ] --END-- [ RunTime:0.002000s ]
SQL: SHOW COLUMNS FROM `ts_student` [ RunTime:0.0120s ]
ERR: 非法操作:login

[ 2017-03-17T10:58:27+08:00 ] 127.0.0.1 /index.php/Home/Login/login.html
INFO: [ app_init ] --START--
INFO: Run Behavior\BuildLiteBehavior [ RunTime:0.000000s ]
INFO: [ app_init ] --END-- [ RunTime:0.001000s ]
INFO: [ app_begin ] --START--
INFO: Run Behavior\ReadHtmlCacheBehavior [ RunTime:0.001000s ]
INFO: [ app_begin ] --END-- [ RunTime:0.002000s ]
SQL: SHOW COLUMNS FROM `ts_student` [ RunTime:0.0100s ]
ERR: 非法操作:login

[ 2017-03-17T10:58:27+08:00 ] 127.0.0.1 /index.php/Home/Login/login.html
INFO: [ app_init ] --START--
INFO: Run Behavior\BuildLiteBehavior [ RunTime:0.000000s ]
INFO: [ app_init ] --END-- [ RunTime:0.002000s ]
INFO: [ app_begin ] --START--
INFO: Run Behavior\ReadHtmlCacheBehavior [ RunTime:0.001000s ]
INFO: [ app_begin ] --END-- [ RunTime:0.001000s ]
SQL: SHOW COLUMNS FROM `ts_student` [ RunTime:0.0180s ]
ERR: 非法操作:login

[ 2017-03-17T10:58:28+08:00 ] 127.0.0.1 /index.php/Home/Login/login.html
INFO: [ app_init ] --START--
INFO: Run Behavior\BuildLiteBehavior [ RunTime:0.000000s ]
INFO: [ app_init ] --END-- [ RunTime:0.001000s ]
INFO: [ app_begin ] --START--
INFO: Run Behavior\ReadHtmlCacheBehavior [ RunTime:0.001000s ]
INFO: [ app_begin ] --END-- [ RunTime:0.002000s ]
SQL: SHOW COLUMNS FROM `ts_student` [ RunTime:0.0100s ]
ERR: 非法操作:login

[ 2017-03-17T10:58:28+08:00 ] 127.0.0.1 /index.php/Home/Login/login.html
INFO: [ app_init ] --START--
INFO: Run Behavior\BuildLiteBehavior [ RunTime:0.000000s ]
INFO: [ app_init ] --END-- [ RunTime:0.002000s ]
INFO: [ app_begin ] --START--
INFO: Run Behavior\ReadHtmlCacheBehavior [ RunTime:0.001000s ]
INFO: [ app_begin ] --END-- [ RunTime:0.001000s ]
SQL: SHOW COLUMNS FROM `ts_student` [ RunTime:0.0100s ]
ERR: 非法操作:login

[ 2017-03-17T10:58:28+08:00 ] 127.0.0.1 /index.php/Home/Login/login.html
INFO: [ app_init ] --START--
INFO: Run Behavior\BuildLiteBehavior [ RunTime:0.000000s ]
INFO: [ app_init ] --END-- [ RunTime:0.001000s ]
INFO: [ app_begin ] --START--
INFO: Run Behavior\ReadHtmlCacheBehavior [ RunTime:0.001000s ]
INFO: [ app_begin ] --END-- [ RunTime:0.002000s ]
SQL: SHOW COLUMNS FROM `ts_student` [ RunTime:0.0120s ]
ERR: 非法操作:login

[ 2017-03-17T10:58:28+08:00 ] 127.0.0.1 /index.php/Home/Login/login.html
INFO: [ app_init ] --START--
INFO: Run Behavior\BuildLiteBehavior [ RunTime:0.000000s ]
INFO: [ app_init ] --END-- [ RunTime:0.001000s ]
INFO: [ app_begin ] --START--
INFO: Run Behavior\ReadHtmlCacheBehavior [ RunTime:0.001000s ]
INFO: [ app_begin ] --END-- [ RunTime:0.002000s ]
SQL: SHOW COLUMNS FROM `ts_student` [ RunTime:0.0150s ]
ERR: 非法操作:login

[ 2017-03-17T10:58:33+08:00 ] 127.0.0.1 /index.php/Home/Login/login.html
INFO: [ app_init ] --START--
INFO: Run Behavior\BuildLiteBehavior [ RunTime:0.000000s ]
INFO: [ app_init ] --END-- [ RunTime:0.001000s ]
INFO: [ app_begin ] --START--
INFO: Run Behavior\ReadHtmlCacheBehavior [ RunTime:0.001000s ]
INFO: [ app_begin ] --END-- [ RunTime:0.001000s ]
SQL: SHOW COLUMNS FROM `ts_student` [ RunTime:0.0110s ]
ERR: 非法操作:login

[ 2017-03-17T10:58:51+08:00 ] 127.0.0.1 /index.php/Home/Login/login.html
INFO: [ app_init ] --START--
INFO: Run Behavior\BuildLiteBehavior [ RunTime:0.001000s ]
INFO: [ app_init ] --END-- [ RunTime:0.002000s ]
INFO: [ app_begin ] --START--
INFO: Run Behavior\ReadHtmlCacheBehavior [ RunTime:0.002000s ]
INFO: [ app_begin ] --END-- [ RunTime:0.002000s ]
SQL: SHOW COLUMNS FROM `ts_student` [ RunTime:0.0120s ]
INFO: [ view_parse ] --START--
INFO: [ template_filter ] --START--
INFO: Run Behavior\ContentReplaceBehavior [ RunTime:0.000000s ]
INFO: [ template_filter ] --END-- [ RunTime:0.000000s ]
INFO: Run Behavior\ParseTemplateBehavior [ RunTime:0.016001s ]
INFO: [ view_parse ] --END-- [ RunTime:0.017001s ]
INFO: [ view_filter ] --START--
INFO: Run Behavior\WriteHtmlCacheBehavior [ RunTime:0.001000s ]
INFO: [ view_filter ] --END-- [ RunTime:0.001000s ]
INFO: [ app_end ] --START--
INFO: Run Behavior\ShowPageTraceBehavior [ RunTime:0.001000s ]
INFO: [ app_end ] --END-- [ RunTime:0.001000s ]

[ 2017-03-17T13:32:13+08:00 ] 127.0.0.1 /index.php/Home/login
INFO: [ app_init ] --START--
INFO: Run Behavior\BuildLiteBehavior [ RunTime:0.000000s ]
INFO: [ app_init ] --END-- [ RunTime:0.001001s ]
INFO: [ app_begin ] --START--
INFO: Run Behavior\ReadHtmlCacheBehavior [ RunTime:0.002000s ]
INFO: [ app_begin ] --END-- [ RunTime:0.002000s ]
SQL: SHOW COLUMNS FROM `ts_student` [ RunTime:0.0130s ]
INFO: [ view_parse ] --START--
INFO: [ template_filter ] --START--
INFO: Run Behavior\ContentReplaceBehavior [ RunTime:0.000000s ]
INFO: [ template_filter ] --END-- [ RunTime:0.000000s ]
INFO: Run Behavior\ParseTemplateBehavior [ RunTime:0.016000s ]
INFO: [ view_parse ] --END-- [ RunTime:0.016000s ]
INFO: [ view_filter ] --START--
INFO: Run Behavior\WriteHtmlCacheBehavior [ RunTime:0.001001s ]
INFO: [ view_filter ] --END-- [ RunTime:0.002001s ]
INFO: [ app_end ] --START--
INFO: Run Behavior\ShowPageTraceBehavior [ RunTime:0.001000s ]
INFO: [ app_end ] --END-- [ RunTime:0.001000s ]

[ 2017-03-17T13:32:13+08:00 ] 127.0.0.1 /index.php/Home/css/style.css
INFO: [ app_init ] --START--
INFO: Run Behavior\BuildLiteBehavior [ RunTime:0.000000s ]
INFO: [ app_init ] --END-- [ RunTime:0.001000s ]
INFO: [ app_begin ] --START--
INFO: Run Behavior\ReadHtmlCacheBehavior [ RunTime:0.001000s ]
INFO: [ app_begin ] --END-- [ RunTime:0.002000s ]
ERR: 无法加载控制器:Css

[ 2017-03-17T13:32:14+08:00 ] 127.0.0.1 /index.php/Home/polina.jpg
INFO: [ app_init ] --START--
INFO: Run Behavior\BuildLiteBehavior [ RunTime:0.000000s ]
INFO: [ app_init ] --END-- [ RunTime:0.001000s ]

[ 2017-03-17T13:32:20+08:00 ] 127.0.0.1 /index.php/Home/login?
INFO: [ app_init ] --START--
INFO: Run Behavior\BuildLiteBehavior [ RunTime:0.000000s ]
INFO: [ app_init ] --END-- [ RunTime:0.002000s ]
INFO: [ app_begin ] --START--
INFO: Run Behavior\ReadHtmlCacheBehavior [ RunTime:0.001000s ]
INFO: [ app_begin ] --END-- [ RunTime:0.001000s ]
SQL: SHOW COLUMNS FROM `ts_student` [ RunTime:0.0120s ]
INFO: [ view_parse ] --START--
INFO: [ template_filter ] --START--
INFO: Run Behavior\ContentReplaceBehavior [ RunTime:0.000000s ]
INFO: [ template_filter ] --END-- [ RunTime:0.001000s ]
INFO: Run Behavior\ParseTemplateBehavior [ RunTime:0.016001s ]
INFO: [ view_parse ] --END-- [ RunTime:0.016001s ]
INFO: [ view_filter ] --START--
INFO: Run Behavior\WriteHtmlCacheBehavior [ RunTime:0.001000s ]
INFO: [ view_filter ] --END-- [ RunTime:0.002000s ]
INFO: [ app_end ] --START--
INFO: Run Behavior\ShowPageTraceBehavior [ RunTime:0.001000s ]
INFO: [ app_end ] --END-- [ RunTime:0.002000s ]

[ 2017-03-17T13:32:21+08:00 ] 127.0.0.1 /index.php/Home/css/style.css
INFO: [ app_init ] --START--
INFO: Run Behavior\BuildLiteBehavior [ RunTime:0.000000s ]
INFO: [ app_init ] --END-- [ RunTime:0.001000s ]
INFO: [ app_begin ] --START--
INFO: Run Behavior\ReadHtmlCacheBehavior [ RunTime:0.001000s ]
INFO: [ app_begin ] --END-- [ RunTime:0.002001s ]
ERR: 无法加载控制器:Css

[ 2017-03-17T13:32:21+08:00 ] 127.0.0.1 /index.php/Home/polina.jpg
INFO: [ app_init ] --START--
INFO: Run Behavior\BuildLiteBehavior [ RunTime:0.000000s ]
INFO: [ app_init ] --END-- [ RunTime:0.001000s ]

[ 2017-03-17T13:32:42+08:00 ] 127.0.0.1 /index.php/Home/login?
INFO: [ app_init ] --START--
INFO: Run Behavior\BuildLiteBehavior [ RunTime:0.000000s ]
INFO: [ app_init ] --END-- [ RunTime:0.001000s ]
INFO: [ app_begin ] --START--
INFO: Run Behavior\ReadHtmlCacheBehavior [ RunTime:0.002000s ]
INFO: [ app_begin ] --END-- [ RunTime:0.002000s ]
SQL: SHOW COLUMNS FROM `ts_student` [ RunTime:0.0400s ]
INFO: [ view_parse ] --START--
INFO: [ template_filter ] --START--
INFO: Run Behavior\ContentReplaceBehavior [ RunTime:0.001000s ]
INFO: [ template_filter ] --END-- [ RunTime:0.001000s ]
INFO: Run Behavior\ParseTemplateBehavior [ RunTime:0.027001s ]
INFO: [ view_parse ] --END-- [ RunTime:0.027001s ]
INFO: [ view_filter ] --START--
INFO: Run Behavior\WriteHtmlCacheBehavior [ RunTime:0.001000s ]
INFO: [ view_filter ] --END-- [ RunTime:0.001000s ]
INFO: [ app_end ] --START--
INFO: Run Behavior\ShowPageTraceBehavior [ RunTime:0.001000s ]
INFO: [ app_end ] --END-- [ RunTime:0.001000s ]

[ 2017-03-17T13:32:43+08:00 ] 127.0.0.1 /index.php/Home/css/style.css
INFO: [ app_init ] --START--
INFO: Run Behavior\BuildLiteBehavior [ RunTime:0.000000s ]
INFO: [ app_init ] --END-- [ RunTime:0.001000s ]
INFO: [ app_begin ] --START--
INFO: Run Behavior\ReadHtmlCacheBehavior [ RunTime:0.002000s ]
INFO: [ app_begin ] --END-- [ RunTime:0.003000s ]
ERR: 无法加载控制器:Css

[ 2017-03-17T13:32:43+08:00 ] 127.0.0.1 /index.php/Home/polina.jpg
INFO: [ app_init ] --START--
INFO: Run Behavior\BuildLiteBehavior [ RunTime:0.000000s ]
INFO: [ app_init ] --END-- [ RunTime:0.001000s ]

[ 2017-03-17T13:33:20+08:00 ] 127.0.0.1 /index.php/Home/login?
INFO: [ app_init ] --START--
INFO: Run Behavior\BuildLiteBehavior [ RunTime:0.001000s ]
INFO: [ app_init ] --END-- [ RunTime:0.001000s ]
INFO: [ app_begin ] --START--
INFO: Run Behavior\ReadHtmlCacheBehavior [ RunTime:0.001000s ]
INFO: [ app_begin ] --END-- [ RunTime:0.001000s ]
SQL: SHOW COLUMNS FROM `ts_student` [ RunTime:0.0110s ]
INFO: [ view_parse ] --START--
INFO: [ template_filter ] --START--
INFO: Run Behavior\ContentReplaceBehavior [ RunTime:0.000000s ]
INFO: [ template_filter ] --END-- [ RunTime:0.000000s ]
INFO: Run Behavior\ParseTemplateBehavior [ RunTime:0.014001s ]
INFO: [ view_parse ] --END-- [ RunTime:0.014001s ]
INFO: [ view_filter ] --START--
INFO: Run Behavior\WriteHtmlCacheBehavior [ RunTime:0.001000s ]
INFO: [ view_filter ] --END-- [ RunTime:0.001000s ]
INFO: [ app_end ] --START--
INFO: Run Behavior\ShowPageTraceBehavior [ RunTime:0.002000s ]
INFO: [ app_end ] --END-- [ RunTime:0.002000s ]

[ 2017-03-17T13:33:21+08:00 ] 127.0.0.1 /index.php/Home/css/style.css
INFO: [ app_init ] --START--
INFO: Run Behavior\BuildLiteBehavior [ RunTime:0.000000s ]
INFO: [ app_init ] --END-- [ RunTime:0.001000s ]
INFO: [ app_begin ] --START--
INFO: Run Behavior\ReadHtmlCacheBehavior [ RunTime:0.001000s ]
INFO: [ app_begin ] --END-- [ RunTime:0.001000s ]
ERR: 无法加载控制器:Css

[ 2017-03-17T13:33:21+08:00 ] 127.0.0.1 /index.php/Home/polina.jpg
INFO: [ app_init ] --START--
INFO: Run Behavior\BuildLiteBehavior [ RunTime:0.000000s ]
INFO: [ app_init ] --END-- [ RunTime:0.001000s ]

[ 2017-03-17T13:33:25+08:00 ] 127.0.0.1 /index.php/Home/login?
INFO: [ app_init ] --START--
INFO: Run Behavior\BuildLiteBehavior [ RunTime:0.000000s ]
INFO: [ app_init ] --END-- [ RunTime:0.001000s ]
INFO: [ app_begin ] --START--
INFO: Run Behavior\ReadHtmlCacheBehavior [ RunTime:0.002000s ]
INFO: [ app_begin ] --END-- [ RunTime:0.002000s ]
SQL: SHOW COLUMNS FROM `ts_student` [ RunTime:0.0200s ]
INFO: [ view_parse ] --START--
INFO: [ template_filter ] --START--
INFO: Run Behavior\ContentReplaceBehavior [ RunTime:0.000000s ]
INFO: [ template_filter ] --END-- [ RunTime:0.000000s ]
INFO: Run Behavior\ParseTemplateBehavior [ RunTime:0.014000s ]
INFO: [ view_parse ] --END-- [ RunTime:0.014000s ]
INFO: [ view_filter ] --START--
INFO: Run Behavior\WriteHtmlCacheBehavior [ RunTime:0.001000s ]
INFO: [ view_filter ] --END-- [ RunTime:0.001000s ]
INFO: [ app_end ] --START--
INFO: Run Behavior\ShowPageTraceBehavior [ RunTime:0.001000s ]
INFO: [ app_end ] --END-- [ RunTime:0.001000s ]

[ 2017-03-17T13:33:25+08:00 ] 127.0.0.1 /index.php/Home/css/style.css
INFO: [ app_init ] --START--
INFO: Run Behavior\BuildLiteBehavior [ RunTime:0.000000s ]
INFO: [ app_init ] --END-- [ RunTime:0.001000s ]
INFO: [ app_begin ] --START--
INFO: Run Behavior\ReadHtmlCacheBehavior [ RunTime:0.002000s ]
INFO: [ app_begin ] --END-- [ RunTime:0.002000s ]
ERR: 无法加载控制器:Css

[ 2017-03-17T13:33:25+08:00 ] 127.0.0.1 /index.php/Home/polina.jpg
INFO: [ app_init ] --START--
INFO: Run Behavior\BuildLiteBehavior [ RunTime:0.000000s ]
INFO: [ app_init ] --END-- [ RunTime:0.001000s ]

[ 2017-03-17T13:33:25+08:00 ] 127.0.0.1 /index.php/Home/polina.jpg
INFO: [ app_init ] --START--
INFO: Run Behavior\BuildLiteBehavior [ RunTime:0.000000s ]
INFO: [ app_init ] --END-- [ RunTime:0.001000s ]

[ 2017-03-17T13:35:14+08:00 ] 127.0.0.1 /index.php/Home/login?
INFO: [ app_init ] --START--
INFO: Run Behavior\BuildLiteBehavior [ RunTime:0.000000s ]
INFO: [ app_init ] --END-- [ RunTime:0.001000s ]
INFO: [ app_begin ] --START--
INFO: Run Behavior\ReadHtmlCacheBehavior [ RunTime:0.001000s ]
INFO: [ app_begin ] --END-- [ RunTime:0.002000s ]
SQL: SHOW COLUMNS FROM `ts_student` [ RunTime:0.0130s ]
INFO: [ view_parse ] --START--
INFO: [ template_filter ] --START--
INFO: Run Behavior\ContentReplaceBehavior [ RunTime:0.001000s ]
INFO: [ template_filter ] --END-- [ RunTime:0.001000s ]
INFO: Run Behavior\ParseTemplateBehavior [ RunTime:0.015001s ]
INFO: [ view_parse ] --END-- [ RunTime:0.016001s ]
INFO: [ view_filter ] --START--
INFO: Run Behavior\WriteHtmlCacheBehavior [ RunTime:0.001000s ]
INFO: [ view_filter ] --END-- [ RunTime:0.001000s ]
INFO: [ app_end ] --START--
INFO: Run Behavior\ShowPageTraceBehavior [ RunTime:0.001000s ]
INFO: [ app_end ] --END-- [ RunTime:0.001000s ]

[ 2017-03-17T13:36:10+08:00 ] 127.0.0.1 /index.php/Home/Login/index/opt/doLogin.html
INFO: [ app_init ] --START--
INFO: Run Behavior\BuildLiteBehavior [ RunTime:0.000000s ]
INFO: [ app_init ] --END-- [ RunTime:0.002000s ]
INFO: [ app_begin ] --START--
INFO: Run Behavior\ReadHtmlCacheBehavior [ RunTime:0.001000s ]
INFO: [ app_begin ] --END-- [ RunTime:0.001000s ]
SQL: SHOW COLUMNS FROM `ts_student` [ RunTime:0.0130s ]
ERR: 1054:Champ 't.name' inconnu dans field list
 [ SQL语句 ] : SELECT t.name AS `name`,g.name AS `gname`,g.group AS `group`,t.sphoto AS `photo` FROM ts_student t INNER JOIN ts_group g on t.group=g.id  WHERE t.name = '刘备' AND t.pwd = '96e79218965eb72c92a549dd5a330112' LIMIT 1  
ERR: 1054:Champ 't.name' inconnu dans field list
 [ SQL语句 ] : SELECT t.name AS `name`,g.name AS `gname`,g.group AS `group`,t.sphoto AS `photo` FROM ts_student t INNER JOIN ts_group g on t.group=g.id  WHERE t.name = '刘备' AND t.pwd = '96e79218965eb72c92a549dd5a330112' LIMIT 1  

[ 2017-03-17T13:59:31+08:00 ] 127.0.0.1 /index.php/Home/Login/login.html
INFO: [ app_init ] --START--
INFO: Run Behavior\BuildLiteBehavior [ RunTime:0.000000s ]
INFO: [ app_init ] --END-- [ RunTime:0.001000s ]
INFO: [ app_begin ] --START--
INFO: Run Behavior\ReadHtmlCacheBehavior [ RunTime:0.001000s ]
INFO: [ app_begin ] --END-- [ RunTime:0.002000s ]
SQL: SHOW COLUMNS FROM `ts_student` [ RunTime:0.0140s ]
INFO: [ view_parse ] --START--
INFO: [ template_filter ] --START--
INFO: Run Behavior\ContentReplaceBehavior [ RunTime:0.000000s ]
INFO: [ template_filter ] --END-- [ RunTime:0.000000s ]
INFO: Run Behavior\ParseTemplateBehavior [ RunTime:0.013000s ]
INFO: [ view_parse ] --END-- [ RunTime:0.013000s ]
INFO: [ view_filter ] --START--
INFO: Run Behavior\WriteHtmlCacheBehavior [ RunTime:0.001000s ]
INFO: [ view_filter ] --END-- [ RunTime:0.001000s ]
INFO: [ app_end ] --START--
INFO: Run Behavior\ShowPageTraceBehavior [ RunTime:0.001001s ]
INFO: [ app_end ] --END-- [ RunTime:0.002001s ]

[ 2017-03-17T14:00:14+08:00 ] 127.0.0.1 /index.php/Home/Login/login.html
INFO: [ app_init ] --START--
INFO: Run Behavior\BuildLiteBehavior [ RunTime:0.000000s ]
INFO: [ app_init ] --END-- [ RunTime:0.001000s ]
INFO: [ app_begin ] --START--
INFO: Run Behavior\ReadHtmlCacheBehavior [ RunTime:0.001001s ]
INFO: [ app_begin ] --END-- [ RunTime:0.001001s ]
SQL: SHOW COLUMNS FROM `ts_student` [ RunTime:0.0110s ]
INFO: [ view_parse ] --START--
INFO: [ template_filter ] --START--
INFO: Run Behavior\ContentReplaceBehavior [ RunTime:0.000000s ]
INFO: [ template_filter ] --END-- [ RunTime:0.000000s ]
INFO: Run Behavior\ParseTemplateBehavior [ RunTime:0.013001s ]
INFO: [ view_parse ] --END-- [ RunTime:0.014001s ]
INFO: [ view_filter ] --START--
INFO: Run Behavior\WriteHtmlCacheBehavior [ RunTime:0.000000s ]
INFO: [ view_filter ] --END-- [ RunTime:0.001000s ]
INFO: [ app_end ] --START--
INFO: Run Behavior\ShowPageTraceBehavior [ RunTime:0.001000s ]
INFO: [ app_end ] --END-- [ RunTime:0.001000s ]

[ 2017-03-17T14:02:34+08:00 ] 127.0.0.1 /index.php/Home/Login/login.html
INFO: [ app_init ] --START--
INFO: Run Behavior\BuildLiteBehavior [ RunTime:0.000000s ]
INFO: [ app_init ] --END-- [ RunTime:0.001000s ]
INFO: [ app_begin ] --START--
INFO: Run Behavior\ReadHtmlCacheBehavior [ RunTime:0.001000s ]
INFO: [ app_begin ] --END-- [ RunTime:0.001000s ]
SQL: SHOW COLUMNS FROM `ts_student` [ RunTime:0.0330s ]
INFO: [ view_parse ] --START--
INFO: [ template_filter ] --START--
INFO: Run Behavior\ContentReplaceBehavior [ RunTime:0.001000s ]
INFO: [ template_filter ] --END-- [ RunTime:0.001000s ]
INFO: Run Behavior\ParseTemplateBehavior [ RunTime:0.017001s ]
INFO: [ view_parse ] --END-- [ RunTime:0.018001s ]
INFO: [ view_filter ] --START--
INFO: Run Behavior\WriteHtmlCacheBehavior [ RunTime:0.001000s ]
INFO: [ view_filter ] --END-- [ RunTime:0.001000s ]
INFO: [ app_end ] --START--
INFO: Run Behavior\ShowPageTraceBehavior [ RunTime:0.002001s ]
INFO: [ app_end ] --END-- [ RunTime:0.003001s ]

[ 2017-03-17T14:49:48+08:00 ] 127.0.0.1 /index.php/Home/Login/login.html
INFO: [ app_init ] --START--
INFO: Run Behavior\BuildLiteBehavior [ RunTime:0.000000s ]
INFO: [ app_init ] --END-- [ RunTime:0.001000s ]
INFO: [ app_begin ] --START--
INFO: Run Behavior\ReadHtmlCacheBehavior [ RunTime:0.004000s ]
INFO: [ app_begin ] --END-- [ RunTime:0.004000s ]
SQL: SHOW COLUMNS FROM `ts_student` [ RunTime:0.0530s ]
INFO: [ view_parse ] --START--
INFO: [ template_filter ] --START--
INFO: Run Behavior\ContentReplaceBehavior [ RunTime:0.000000s ]
INFO: [ template_filter ] --END-- [ RunTime:0.000000s ]
INFO: Run Behavior\ParseTemplateBehavior [ RunTime:0.014001s ]
INFO: [ view_parse ] --END-- [ RunTime:0.014001s ]
INFO: [ view_filter ] --START--
INFO: Run Behavior\WriteHtmlCacheBehavior [ RunTime:0.000000s ]
INFO: [ view_filter ] --END-- [ RunTime:0.002000s ]
INFO: [ app_end ] --START--
INFO: Run Behavior\ShowPageTraceBehavior [ RunTime:0.001000s ]
INFO: [ app_end ] --END-- [ RunTime:0.001000s ]

[ 2017-03-17T14:50:30+08:00 ] 127.0.0.1 /index.php/Home/Login/login.html
INFO: [ app_init ] --START--
INFO: Run Behavior\BuildLiteBehavior [ RunTime:0.000000s ]
INFO: [ app_init ] --END-- [ RunTime:0.001000s ]
INFO: [ app_begin ] --START--
INFO: Run Behavior\ReadHtmlCacheBehavior [ RunTime:0.001000s ]
INFO: [ app_begin ] --END-- [ RunTime:0.003000s ]
SQL: SHOW COLUMNS FROM `ts_student` [ RunTime:0.0120s ]
INFO: [ view_parse ] --START--
INFO: [ template_filter ] --START--
INFO: Run Behavior\ContentReplaceBehavior [ RunTime:0.000000s ]
INFO: [ template_filter ] --END-- [ RunTime:0.001000s ]
INFO: Run Behavior\ParseTemplateBehavior [ RunTime:0.015001s ]
INFO: [ view_parse ] --END-- [ RunTime:0.015001s ]
INFO: [ view_filter ] --START--
INFO: Run Behavior\WriteHtmlCacheBehavior [ RunTime:0.001000s ]
INFO: [ view_filter ] --END-- [ RunTime:0.001000s ]
INFO: [ app_end ] --START--
INFO: Run Behavior\ShowPageTraceBehavior [ RunTime:0.001000s ]
INFO: [ app_end ] --END-- [ RunTime:0.001000s ]

[ 2017-03-17T14:50:48+08:00 ] 127.0.0.1 /index.php/Home/Login/login.html
INFO: [ app_init ] --START--
INFO: Run Behavior\BuildLiteBehavior [ RunTime:0.000000s ]
INFO: [ app_init ] --END-- [ RunTime:0.001001s ]
INFO: [ app_begin ] --START--
INFO: Run Behavior\ReadHtmlCacheBehavior [ RunTime:0.001000s ]
INFO: [ app_begin ] --END-- [ RunTime:0.002000s ]
SQL: SHOW COLUMNS FROM `ts_student` [ RunTime:0.0360s ]
INFO: [ view_parse ] --START--
INFO: [ template_filter ] --START--
INFO: Run Behavior\ContentReplaceBehavior [ RunTime:0.000000s ]
INFO: [ template_filter ] --END-- [ RunTime:0.000000s ]
INFO: Run Behavior\ParseTemplateBehavior [ RunTime:0.014001s ]
INFO: [ view_parse ] --END-- [ RunTime:0.014001s ]
INFO: [ view_filter ] --START--
INFO: Run Behavior\WriteHtmlCacheBehavior [ RunTime:0.001000s ]
INFO: [ view_filter ] --END-- [ RunTime:0.001000s ]
INFO: [ app_end ] --START--
INFO: Run Behavior\ShowPageTraceBehavior [ RunTime:0.001000s ]
INFO: [ app_end ] --END-- [ RunTime:0.001000s ]

[ 2017-03-17T17:08:32+08:00 ] 127.0.0.1 /index.php/Home/Login/login.html
INFO: [ app_init ] --START--
INFO: Run Behavior\BuildLiteBehavior [ RunTime:0.000000s ]
INFO: [ app_init ] --END-- [ RunTime:0.001000s ]
INFO: [ app_begin ] --START--
INFO: Run Behavior\ReadHtmlCacheBehavior [ RunTime:0.002001s ]
INFO: [ app_begin ] --END-- [ RunTime:0.002001s ]
SQL: SHOW COLUMNS FROM `ts_student` [ RunTime:0.0440s ]
INFO: [ view_parse ] --START--
INFO: [ template_filter ] --START--
INFO: Run Behavior\ContentReplaceBehavior [ RunTime:0.000000s ]
INFO: [ template_filter ] --END-- [ RunTime:0.001000s ]
INFO: Run Behavior\ParseTemplateBehavior [ RunTime:0.035002s ]
INFO: [ view_parse ] --END-- [ RunTime:0.036002s ]
INFO: [ view_filter ] --START--
INFO: Run Behavior\WriteHtmlCacheBehavior [ RunTime:0.001000s ]
INFO: [ view_filter ] --END-- [ RunTime:0.001000s ]
INFO: [ app_end ] --START--
INFO: Run Behavior\ShowPageTraceBehavior [ RunTime:0.002000s ]
INFO: [ app_end ] --END-- [ RunTime:0.002000s ]

[ 2017-03-17T17:08:45+08:00 ] 127.0.0.1 /index.php/Home/Login/index/opt/doLogin.html
INFO: [ app_init ] --START--
INFO: Run Behavior\BuildLiteBehavior [ RunTime:0.000000s ]
INFO: [ app_init ] --END-- [ RunTime:0.001000s ]
INFO: [ app_begin ] --START--
INFO: Run Behavior\ReadHtmlCacheBehavior [ RunTime:0.001000s ]
INFO: [ app_begin ] --END-- [ RunTime:0.002000s ]
SQL: SHOW COLUMNS FROM `ts_student` [ RunTime:0.0110s ]
ERR: 1054:Champ 's.name' inconnu dans field list
 [ SQL语句 ] : SELECT s.name AS `name`,g.name AS `gname`,g.group AS `group`,s.sphoto AS `photo` FROM ts_student t INNER JOIN ts_group g on t.group=g.id  WHERE s.name = '刘备' AND s.pwd = '96e79218965eb72c92a549dd5a330112' LIMIT 1  
ERR: 1054:Champ 's.name' inconnu dans field list
 [ SQL语句 ] : SELECT s.name AS `name`,g.name AS `gname`,g.group AS `group`,s.sphoto AS `photo` FROM ts_student t INNER JOIN ts_group g on t.group=g.id  WHERE s.name = '刘备' AND s.pwd = '96e79218965eb72c92a549dd5a330112' LIMIT 1  

[ 2017-03-17T17:11:32+08:00 ] 127.0.0.1 /index.php/Home/Login/index/opt/doLogin.html
INFO: [ app_init ] --START--
INFO: Run Behavior\BuildLiteBehavior [ RunTime:0.001000s ]
INFO: [ app_init ] --END-- [ RunTime:0.005000s ]
INFO: [ app_begin ] --START--
INFO: Run Behavior\ReadHtmlCacheBehavior [ RunTime:0.002000s ]
INFO: [ app_begin ] --END-- [ RunTime:0.003000s ]
SQL: SHOW COLUMNS FROM `ts_student` [ RunTime:0.0690s ]
ERR: 1054:Champ 's.name' inconnu dans field list
 [ SQL语句 ] : SELECT s.name AS `sname`,g.name AS `gname`,g.group AS `group`,s.sphoto AS `photo` FROM ts_student t INNER JOIN ts_group g on t.group=g.id  WHERE s.name = '刘备' AND s.pwd = '96e79218965eb72c92a549dd5a330112' LIMIT 1  
ERR: 1054:Champ 's.name' inconnu dans field list
 [ SQL语句 ] : SELECT s.name AS `sname`,g.name AS `gname`,g.group AS `group`,s.sphoto AS `photo` FROM ts_student t INNER JOIN ts_group g on t.group=g.id  WHERE s.name = '刘备' AND s.pwd = '96e79218965eb72c92a549dd5a330112' LIMIT 1  

[ 2017-03-17T17:11:33+08:00 ] 127.0.0.1 /index.php/Home/Login/index/opt/doLogin.html
INFO: [ app_init ] --START--
INFO: Run Behavior\BuildLiteBehavior [ RunTime:0.000000s ]
INFO: [ app_init ] --END-- [ RunTime:0.002000s ]
INFO: [ app_begin ] --START--
INFO: Run Behavior\ReadHtmlCacheBehavior [ RunTime:0.001000s ]
INFO: [ app_begin ] --END-- [ RunTime:0.002000s ]
SQL: SHOW COLUMNS FROM `ts_student` [ RunTime:0.0560s ]
ERR: 1054:Champ 's.name' inconnu dans field list
 [ SQL语句 ] : SELECT s.name AS `sname`,g.name AS `gname`,g.group AS `group`,s.sphoto AS `photo` FROM ts_student t INNER JOIN ts_group g on t.group=g.id  WHERE s.name = '刘备' AND s.pwd = '96e79218965eb72c92a549dd5a330112' LIMIT 1  
ERR: 1054:Champ 's.name' inconnu dans field list
 [ SQL语句 ] : SELECT s.name AS `sname`,g.name AS `gname`,g.group AS `group`,s.sphoto AS `photo` FROM ts_student t INNER JOIN ts_group g on t.group=g.id  WHERE s.name = '刘备' AND s.pwd = '96e79218965eb72c92a549dd5a330112' LIMIT 1  

[ 2017-03-17T17:11:35+08:00 ] 127.0.0.1 /index.php/Home/Login/index/opt/doLogin.html
INFO: [ app_init ] --START--
INFO: Run Behavior\BuildLiteBehavior [ RunTime:0.000000s ]
INFO: [ app_init ] --END-- [ RunTime:0.001000s ]
INFO: [ app_begin ] --START--
INFO: Run Behavior\ReadHtmlCacheBehavior [ RunTime:0.002000s ]
INFO: [ app_begin ] --END-- [ RunTime:0.002000s ]
SQL: SHOW COLUMNS FROM `ts_student` [ RunTime:0.0140s ]
ERR: 1054:Champ 's.name' inconnu dans field list
 [ SQL语句 ] : SELECT s.name AS `sname`,g.name AS `gname`,g.group AS `group`,s.sphoto AS `photo` FROM ts_student t INNER JOIN ts_group g on t.group=g.id  WHERE s.name = '刘备' AND s.pwd = '96e79218965eb72c92a549dd5a330112' LIMIT 1  
ERR: 1054:Champ 's.name' inconnu dans field list
 [ SQL语句 ] : SELECT s.name AS `sname`,g.name AS `gname`,g.group AS `group`,s.sphoto AS `photo` FROM ts_student t INNER JOIN ts_group g on t.group=g.id  WHERE s.name = '刘备' AND s.pwd = '96e79218965eb72c92a549dd5a330112' LIMIT 1  

[ 2017-03-17T17:11:36+08:00 ] 127.0.0.1 /index.php/Home/Login/index/opt/doLogin.html
INFO: [ app_init ] --START--
INFO: Run Behavior\BuildLiteBehavior [ RunTime:0.000000s ]
INFO: [ app_init ] --END-- [ RunTime:0.001000s ]
INFO: [ app_begin ] --START--
INFO: Run Behavior\ReadHtmlCacheBehavior [ RunTime:0.003000s ]
INFO: [ app_begin ] --END-- [ RunTime:0.003000s ]
SQL: SHOW COLUMNS FROM `ts_student` [ RunTime:0.0400s ]
ERR: 1054:Champ 's.name' inconnu dans field list
 [ SQL语句 ] : SELECT s.name AS `sname`,g.name AS `gname`,g.group AS `group`,s.sphoto AS `photo` FROM ts_student t INNER JOIN ts_group g on t.group=g.id  WHERE s.name = '刘备' AND s.pwd = '96e79218965eb72c92a549dd5a330112' LIMIT 1  
ERR: 1054:Champ 's.name' inconnu dans field list
 [ SQL语句 ] : SELECT s.name AS `sname`,g.name AS `gname`,g.group AS `group`,s.sphoto AS `photo` FROM ts_student t INNER JOIN ts_group g on t.group=g.id  WHERE s.name = '刘备' AND s.pwd = '96e79218965eb72c92a549dd5a330112' LIMIT 1  

[ 2017-03-17T17:11:42+08:00 ] 127.0.0.1 /index.php/Home/Login/index/opt/doLogin.html
INFO: [ app_init ] --START--
INFO: Run Behavior\BuildLiteBehavior [ RunTime:0.000000s ]
INFO: [ app_init ] --END-- [ RunTime:0.002000s ]
INFO: [ app_begin ] --START--
INFO: Run Behavior\ReadHtmlCacheBehavior [ RunTime:0.002000s ]
INFO: [ app_begin ] --END-- [ RunTime:0.002000s ]
SQL: SHOW COLUMNS FROM `ts_student` [ RunTime:0.0110s ]
ERR: 1054:Champ 's.name' inconnu dans field list
 [ SQL语句 ] : SELECT s.name AS `name`,g.name AS `gname`,g.group AS `group`,s.sphoto AS `photo` FROM ts_student t INNER JOIN ts_group g on t.group=g.id  WHERE s.name = '刘备' AND s.pwd = '96e79218965eb72c92a549dd5a330112' LIMIT 1  
ERR: 1054:Champ 's.name' inconnu dans field list
 [ SQL语句 ] : SELECT s.name AS `name`,g.name AS `gname`,g.group AS `group`,s.sphoto AS `photo` FROM ts_student t INNER JOIN ts_group g on t.group=g.id  WHERE s.name = '刘备' AND s.pwd = '96e79218965eb72c92a549dd5a330112' LIMIT 1  

[ 2017-03-17T17:12:13+08:00 ] 127.0.0.1 /index.php/Home/Login/index/opt/doLogin.html
INFO: [ app_init ] --START--
INFO: Run Behavior\BuildLiteBehavior [ RunTime:0.000000s ]
INFO: [ app_init ] --END-- [ RunTime:0.002000s ]
INFO: [ app_begin ] --START--
INFO: Run Behavior\ReadHtmlCacheBehavior [ RunTime:0.001000s ]
INFO: [ app_begin ] --END-- [ RunTime:0.004001s ]
SQL: SHOW COLUMNS FROM `ts_student` [ RunTime:0.0570s ]
ERR: 1054:Champ 's.name' inconnu dans field list
 [ SQL语句 ] : SELECT s.name AS `name`,g.name AS `gname`,g.group AS `group`,s.sphoto AS `photo` FROM ts_student s INNER JOIN ts_group g on t.group=g.id  WHERE s.name = '刘备' AND s.pwd = '96e79218965eb72c92a549dd5a330112' LIMIT 1  
ERR: 1054:Champ 's.name' inconnu dans field list
 [ SQL语句 ] : SELECT s.name AS `name`,g.name AS `gname`,g.group AS `group`,s.sphoto AS `photo` FROM ts_student s INNER JOIN ts_group g on t.group=g.id  WHERE s.name = '刘备' AND s.pwd = '96e79218965eb72c92a549dd5a330112' LIMIT 1  

[ 2017-03-17T17:12:16+08:00 ] 127.0.0.1 /index.php/Home/Login/index/opt/doLogin.html
INFO: [ app_init ] --START--
INFO: Run Behavior\BuildLiteBehavior [ RunTime:0.001000s ]
INFO: [ app_init ] --END-- [ RunTime:0.002000s ]
INFO: [ app_begin ] --START--
INFO: Run Behavior\ReadHtmlCacheBehavior [ RunTime:0.002000s ]
INFO: [ app_begin ] --END-- [ RunTime:0.003000s ]
SQL: SHOW COLUMNS FROM `ts_student` [ RunTime:0.0180s ]
ERR: 1054:Champ 's.name' inconnu dans field list
 [ SQL语句 ] : SELECT s.name AS `name`,g.name AS `gname`,g.group AS `group`,s.sphoto AS `photo` FROM ts_student s INNER JOIN ts_group g on t.group=g.id  WHERE s.name = '刘备' AND s.pwd = '96e79218965eb72c92a549dd5a330112' LIMIT 1  
ERR: 1054:Champ 's.name' inconnu dans field list
 [ SQL语句 ] : SELECT s.name AS `name`,g.name AS `gname`,g.group AS `group`,s.sphoto AS `photo` FROM ts_student s INNER JOIN ts_group g on t.group=g.id  WHERE s.name = '刘备' AND s.pwd = '96e79218965eb72c92a549dd5a330112' LIMIT 1  

[ 2017-03-17T17:13:01+08:00 ] 127.0.0.1 /index.php/Home/Login/index/opt/doLogin.html
INFO: [ app_init ] --START--
INFO: Run Behavior\BuildLiteBehavior [ RunTime:0.000000s ]
INFO: [ app_init ] --END-- [ RunTime:0.001000s ]
INFO: [ app_begin ] --START--
INFO: Run Behavior\ReadHtmlCacheBehavior [ RunTime:0.002000s ]
INFO: [ app_begin ] --END-- [ RunTime:0.002000s ]
SQL: SHOW COLUMNS FROM `ts_student` [ RunTime:0.0110s ]
ERR: 1054:Champ 's.name' inconnu dans field list
 [ SQL语句 ] : SELECT s.name AS `name`,g.name AS `gname`,g.group AS `group`,s.sphoto AS `photo` FROM ts_student s INNER JOIN ts_group g on s.group=g.id  WHERE s.name = '刘备' AND s.pwd = '96e79218965eb72c92a549dd5a330112' LIMIT 1  
ERR: 1054:Champ 's.name' inconnu dans field list
 [ SQL语句 ] : SELECT s.name AS `name`,g.name AS `gname`,g.group AS `group`,s.sphoto AS `photo` FROM ts_student s INNER JOIN ts_group g on s.group=g.id  WHERE s.name = '刘备' AND s.pwd = '96e79218965eb72c92a549dd5a330112' LIMIT 1  

[ 2017-03-17T17:13:03+08:00 ] 127.0.0.1 /index.php/Home/Login/index/opt/doLogin.html
INFO: [ app_init ] --START--
INFO: Run Behavior\BuildLiteBehavior [ RunTime:0.000000s ]
INFO: [ app_init ] --END-- [ RunTime:0.001000s ]
INFO: [ app_begin ] --START--
INFO: Run Behavior\ReadHtmlCacheBehavior [ RunTime:0.001000s ]
INFO: [ app_begin ] --END-- [ RunTime:0.002000s ]
SQL: SHOW COLUMNS FROM `ts_student` [ RunTime:0.0170s ]
ERR: 1054:Champ 's.name' inconnu dans field list
 [ SQL语句 ] : SELECT s.name AS `name`,g.name AS `gname`,g.group AS `group`,s.sphoto AS `photo` FROM ts_student s INNER JOIN ts_group g on s.group=g.id  WHERE s.name = '刘备' AND s.pwd = '96e79218965eb72c92a549dd5a330112' LIMIT 1  
ERR: 1054:Champ 's.name' inconnu dans field list
 [ SQL语句 ] : SELECT s.name AS `name`,g.name AS `gname`,g.group AS `group`,s.sphoto AS `photo` FROM ts_student s INNER JOIN ts_group g on s.group=g.id  WHERE s.name = '刘备' AND s.pwd = '96e79218965eb72c92a549dd5a330112' LIMIT 1  

[ 2017-03-17T17:17:13+08:00 ] 127.0.0.1 /index.php/Home/Login/index/opt/doLogin.html
INFO: [ app_init ] --START--
INFO: Run Behavior\BuildLiteBehavior [ RunTime:0.000000s ]
INFO: [ app_init ] --END-- [ RunTime:0.001000s ]
INFO: [ app_begin ] --START--
INFO: Run Behavior\ReadHtmlCacheBehavior [ RunTime:0.002000s ]
INFO: [ app_begin ] --END-- [ RunTime:0.002000s ]
SQL: SHOW COLUMNS FROM `ts_student` [ RunTime:0.1030s ]
ERR: 1054:Champ 's.name' inconnu dans field list
 [ SQL语句 ] : SELECT s.name AS `name`,g.name AS `gname`,g.group AS `group`,s.sphoto AS `photo` FROM ts_student s INNER JOIN ts_group g on s.group=g.id  WHERE s.name = '刘备' AND s.pwd = '96e79218965eb72c92a549dd5a330112' LIMIT 1  
ERR: 1054:Champ 's.name' inconnu dans field list
 [ SQL语句 ] : SELECT s.name AS `name`,g.name AS `gname`,g.group AS `group`,s.sphoto AS `photo` FROM ts_student s INNER JOIN ts_group g on s.group=g.id  WHERE s.name = '刘备' AND s.pwd = '96e79218965eb72c92a549dd5a330112' LIMIT 1  

[ 2017-03-17T18:02:28+08:00 ] 127.0.0.1 /index.php/Home/Login/index/opt/doLogin.html
INFO: [ app_init ] --START--
INFO: Run Behavior\BuildLiteBehavior [ RunTime:0.001000s ]
INFO: [ app_init ] --END-- [ RunTime:0.002000s ]
INFO: [ app_begin ] --START--
INFO: Run Behavior\ReadHtmlCacheBehavior [ RunTime:0.001000s ]
INFO: [ app_begin ] --END-- [ RunTime:0.002000s ]
SQL: SHOW COLUMNS FROM `ts_student` [ RunTime:0.0120s ]
ERR: 1054:Champ 's.name' inconnu dans field list
 [ SQL语句 ] : SELECT s.name AS `name`,g.name AS `gname`,g.group AS `group`,s.sphoto AS `photo` FROM ts_student s INNER JOIN ts_group g on s.group=g.id  WHERE s.name = '刘备' AND s.pwd = '96e79218965eb72c92a549dd5a330112' LIMIT 1  
ERR: 1054:Champ 's.name' inconnu dans field list
 [ SQL语句 ] : SELECT s.name AS `name`,g.name AS `gname`,g.group AS `group`,s.sphoto AS `photo` FROM ts_student s INNER JOIN ts_group g on s.group=g.id  WHERE s.name = '刘备' AND s.pwd = '96e79218965eb72c92a549dd5a330112' LIMIT 1  

[ 2017-03-17T18:06:25+08:00 ] 127.0.0.1 /index.php/Home/Login/index/opt/doLogin.html
INFO: [ app_init ] --START--
INFO: Run Behavior\BuildLiteBehavior [ RunTime:0.000000s ]
INFO: [ app_init ] --END-- [ RunTime:0.002000s ]
INFO: [ app_begin ] --START--
INFO: Run Behavior\ReadHtmlCacheBehavior [ RunTime:0.001000s ]
INFO: [ app_begin ] --END-- [ RunTime:0.002000s ]
SQL: SHOW COLUMNS FROM `ts_student` [ RunTime:0.0110s ]
ERR: 1054:Champ 's.name' inconnu dans field list
 [ SQL语句 ] : SELECT s.name AS `name`,g.name AS `gname`,g.group AS `group`,s.sphoto AS `photo` FROM ts_student s INNER JOIN ts_group g on s.group=g.id  WHERE s.name = '刘备' AND s.pwd = '96e79218965eb72c92a549dd5a330112' LIMIT 1  
ERR: 1054:Champ 's.name' inconnu dans field list
 [ SQL语句 ] : SELECT s.name AS `name`,g.name AS `gname`,g.group AS `group`,s.sphoto AS `photo` FROM ts_student s INNER JOIN ts_group g on s.group=g.id  WHERE s.name = '刘备' AND s.pwd = '96e79218965eb72c92a549dd5a330112' LIMIT 1  

