[ 2017-02-28T21:36:07+08:00 ] 127.0.0.1 /138/arche/index.php/Admin/Menu/index/opt/showMenu
INFO: [ app_init ] --START--
INFO: Run Behavior\BuildLiteBehavior [ RunTime:0.001000s ]
INFO: [ app_init ] --END-- [ RunTime:0.057003s ]
INFO: [ app_begin ] --START--
INFO: Run Behavior\ReadHtmlCacheBehavior [ RunTime:0.003000s ]
INFO: [ app_begin ] --END-- [ RunTime:0.004000s ]
SQL: SHOW COLUMNS FROM `ts_menu` [ RunTime:0.0400s ]
SQL: SHOW COLUMNS FROM `ts_dict` [ RunTime:0.0710s ]
SQL: SELECT * FROM `ts_dict` WHERE `field` = 'status'  [ RunTime:0.0840s ]
SQL: SELECT m.id,m.name,m.pid,`url`,`sort`,`icon`,di.name AS `status` FROM ts_menu m INNER JOIN ts_dict di on di.field="status" and m.status=di.value    [ RunTime:0.0040s ]
INFO: [ view_parse ] --START--
INFO: [ template_filter ] --START--
INFO: Run Behavior\ContentReplaceBehavior [ RunTime:0.258015s ]
INFO: [ template_filter ] --END-- [ RunTime:0.258015s ]
INFO: Run Behavior\ParseTemplateBehavior [ RunTime:0.532030s ]
INFO: [ view_parse ] --END-- [ RunTime:0.532030s ]
INFO: [ view_filter ] --START--
INFO: Run Behavior\WriteHtmlCacheBehavior [ RunTime:0.095005s ]
INFO: [ view_filter ] --END-- [ RunTime:0.096006s ]
INFO: [ app_end ] --START--
INFO: Run Behavior\ShowPageTraceBehavior [ RunTime:0.161009s ]
INFO: [ app_end ] --END-- [ RunTime:0.161009s ]

[ 2017-02-28T21:44:17+08:00 ] 127.0.0.1 /138/arche/index.php/Admin/Menu/index/opt/showMenu
INFO: [ app_init ] --START--
INFO: Run Behavior\BuildLiteBehavior [ RunTime:0.000000s ]
INFO: [ app_init ] --END-- [ RunTime:0.021001s ]
INFO: [ app_begin ] --START--
INFO: Run Behavior\ReadHtmlCacheBehavior [ RunTime:0.003001s ]
INFO: [ app_begin ] --END-- [ RunTime:0.004001s ]
SQL: SHOW COLUMNS FROM `ts_menu` [ RunTime:0.0100s ]
SQL: SHOW COLUMNS FROM `ts_dict` [ RunTime:0.0100s ]
SQL: SELECT * FROM `ts_dict` WHERE `field` = 'status'  [ RunTime:0.0010s ]
SQL: SELECT m.id,m.name,m.pid,`url`,`sort`,`icon`,di.name AS `status` FROM ts_menu m INNER JOIN ts_dict di on di.field="status" and m.status=di.value    [ RunTime:0.0020s ]
INFO: [ view_parse ] --START--
INFO: [ template_filter ] --START--
INFO: Run Behavior\ContentReplaceBehavior [ RunTime:0.000000s ]
INFO: [ template_filter ] --END-- [ RunTime:0.002000s ]
INFO: Run Behavior\ParseTemplateBehavior [ RunTime:0.106006s ]
INFO: [ view_parse ] --END-- [ RunTime:0.106006s ]
INFO: [ view_filter ] --START--
INFO: Run Behavior\WriteHtmlCacheBehavior [ RunTime:0.001000s ]
INFO: [ view_filter ] --END-- [ RunTime:0.002000s ]
INFO: [ app_end ] --START--
INFO: Run Behavior\ShowPageTraceBehavior [ RunTime:0.002000s ]
INFO: [ app_end ] --END-- [ RunTime:0.002000s ]

[ 2017-02-28T21:44:39+08:00 ] 127.0.0.1 /138/arche/index.php/Admin/Menu/index/opt/editMenu/id/7
INFO: [ app_init ] --START--
INFO: Run Behavior\BuildLiteBehavior [ RunTime:0.000000s ]
INFO: [ app_init ] --END-- [ RunTime:0.003000s ]
INFO: [ app_begin ] --START--
INFO: Run Behavior\ReadHtmlCacheBehavior [ RunTime:0.003000s ]
INFO: [ app_begin ] --END-- [ RunTime:0.004000s ]
SQL: SHOW COLUMNS FROM `ts_menu` [ RunTime:0.0090s ]
SQL: SHOW COLUMNS FROM `ts_dict` [ RunTime:0.0090s ]
SQL: SELECT * FROM `ts_dict` WHERE `field` = 'status'  [ RunTime:0.0010s ]
SQL: SHOW COLUMNS FROM `ts_menu` [ RunTime:0.0090s ]
SQL: SELECT COUNT(*) AS tp_count FROM `ts_menu` WHERE `pid` = 7 LIMIT 1   [ RunTime:0.0240s ]
INFO: [ app_end ] --START--
INFO: Run Behavior\ShowPageTraceBehavior [ RunTime:0.002000s ]
INFO: [ app_end ] --END-- [ RunTime:0.004000s ]

[ 2017-02-28T21:45:24+08:00 ] 127.0.0.1 /138/arche/index.php/Admin/Menu/index/opt/editMenu/id/1
INFO: [ app_init ] --START--
INFO: Run Behavior\BuildLiteBehavior [ RunTime:0.000000s ]
INFO: [ app_init ] --END-- [ RunTime:0.002000s ]
INFO: [ app_begin ] --START--
INFO: Run Behavior\ReadHtmlCacheBehavior [ RunTime:0.002000s ]
INFO: [ app_begin ] --END-- [ RunTime:0.002000s ]
SQL: SHOW COLUMNS FROM `ts_menu` [ RunTime:0.0090s ]
SQL: SHOW COLUMNS FROM `ts_dict` [ RunTime:0.0080s ]
SQL: SELECT * FROM `ts_dict` WHERE `field` = 'status'  [ RunTime:0.0010s ]
SQL: SHOW COLUMNS FROM `ts_menu` [ RunTime:0.0080s ]
SQL: SELECT COUNT(*) AS tp_count FROM `ts_menu` WHERE `pid` = 1 LIMIT 1   [ RunTime:0.0010s ]
INFO: [ app_end ] --START--
INFO: Run Behavior\ShowPageTraceBehavior [ RunTime:0.002000s ]
INFO: [ app_end ] --END-- [ RunTime:0.003000s ]

[ 2017-02-28T21:45:54+08:00 ] 127.0.0.1 /138/arche/index.php/Admin/Menu/index/opt/editMenu/id/1
INFO: [ app_init ] --START--
INFO: Run Behavior\BuildLiteBehavior [ RunTime:0.000000s ]
INFO: [ app_init ] --END-- [ RunTime:0.002001s ]
INFO: [ app_begin ] --START--
INFO: Run Behavior\ReadHtmlCacheBehavior [ RunTime:0.011000s ]
INFO: [ app_begin ] --END-- [ RunTime:0.014001s ]
SQL: SHOW COLUMNS FROM `ts_menu` [ RunTime:0.0080s ]
SQL: SHOW COLUMNS FROM `ts_dict` [ RunTime:0.0080s ]
SQL: SELECT * FROM `ts_dict` WHERE `field` = 'status'  [ RunTime:0.0010s ]
SQL: SHOW COLUMNS FROM `ts_menu` [ RunTime:0.0080s ]
SQL: SELECT COUNT(*) AS tp_count FROM `ts_menu` WHERE `pid` = 1 LIMIT 1   [ RunTime:0.0010s ]
INFO: [ app_end ] --START--
INFO: Run Behavior\ShowPageTraceBehavior [ RunTime:0.002000s ]
INFO: [ app_end ] --END-- [ RunTime:0.002000s ]

[ 2017-02-28T21:45:57+08:00 ] 127.0.0.1 /138/arche/index.php/Admin/Menu/index/opt/doEditMenu
INFO: [ app_init ] --START--
INFO: Run Behavior\BuildLiteBehavior [ RunTime:0.001000s ]
INFO: [ app_init ] --END-- [ RunTime:0.005000s ]
INFO: [ app_begin ] --START--
INFO: Run Behavior\ReadHtmlCacheBehavior [ RunTime:0.002000s ]
INFO: [ app_begin ] --END-- [ RunTime:0.003000s ]
SQL: SHOW COLUMNS FROM `ts_menu` [ RunTime:0.0100s ]
SQL: SHOW COLUMNS FROM `ts_dict` [ RunTime:0.0090s ]
SQL: SELECT * FROM `ts_dict` WHERE `field` = 'status'  [ RunTime:0.0010s ]
NOTIC: [8] Undefined index: validate D:\wwwroot\138\arche\ThinkPHP\Library\Think\Model.class.php 第 1185 行.
NOTIC: [8] Undefined index: auto D:\wwwroot\138\arche\ThinkPHP\Library\Think\Model.class.php 第 1128 行.
SQL: UPDATE `ts_menu` SET `name`='系统管理',`icon`='sun',`url`='Admin/Sys/index',`sort`='1',`pid`='0',`status`='0' WHERE `id` = 1 [ RunTime:0.0160s ]
INFO: [ view_parse ] --START--
INFO: [ template_filter ] --START--
INFO: Run Behavior\ContentReplaceBehavior [ RunTime:0.000000s ]
INFO: [ template_filter ] --END-- [ RunTime:0.001000s ]
INFO: Run Behavior\ParseTemplateBehavior [ RunTime:0.061004s ]
INFO: [ view_parse ] --END-- [ RunTime:0.063004s ]
INFO: [ view_filter ] --START--
INFO: Run Behavior\WriteHtmlCacheBehavior [ RunTime:0.002000s ]
INFO: [ view_filter ] --END-- [ RunTime:0.003000s ]
INFO: [ app_end ] --START--
INFO: Run Behavior\ShowPageTraceBehavior [ RunTime:0.002000s ]
INFO: [ app_end ] --END-- [ RunTime:0.005001s ]

[ 2017-02-28T21:45:58+08:00 ] 127.0.0.1 /138/arche/index.php/Admin/Menu/index/opt/showMenu.html
INFO: [ app_init ] --START--
INFO: Run Behavior\BuildLiteBehavior [ RunTime:0.001000s ]
INFO: [ app_init ] --END-- [ RunTime:0.002000s ]
INFO: [ app_begin ] --START--
INFO: Run Behavior\ReadHtmlCacheBehavior [ RunTime:0.002000s ]
INFO: [ app_begin ] --END-- [ RunTime:0.003000s ]
SQL: SHOW COLUMNS FROM `ts_menu` [ RunTime:0.0300s ]
SQL: SHOW COLUMNS FROM `ts_dict` [ RunTime:0.0090s ]
SQL: SELECT * FROM `ts_dict` WHERE `field` = 'status'  [ RunTime:0.0010s ]
SQL: SELECT m.id,m.name,m.pid,`url`,`sort`,`icon`,di.name AS `status` FROM ts_menu m INNER JOIN ts_dict di on di.field="status" and m.status=di.value    [ RunTime:0.0020s ]
INFO: [ view_parse ] --START--
INFO: [ template_filter ] --START--
INFO: Run Behavior\ContentReplaceBehavior [ RunTime:0.000000s ]
INFO: [ template_filter ] --END-- [ RunTime:0.001000s ]
INFO: Run Behavior\ParseTemplateBehavior [ RunTime:0.093006s ]
INFO: [ view_parse ] --END-- [ RunTime:0.094006s ]
INFO: [ view_filter ] --START--
INFO: Run Behavior\WriteHtmlCacheBehavior [ RunTime:0.001000s ]
INFO: [ view_filter ] --END-- [ RunTime:0.001000s ]
INFO: [ app_end ] --START--
INFO: Run Behavior\ShowPageTraceBehavior [ RunTime:0.002000s ]
INFO: [ app_end ] --END-- [ RunTime:0.002000s ]

[ 2017-02-28T21:46:05+08:00 ] 127.0.0.1 /138/arche/index.php/Admin/Menu/index/opt/showMenu.html
INFO: [ app_init ] --START--
INFO: Run Behavior\BuildLiteBehavior [ RunTime:0.000000s ]
INFO: [ app_init ] --END-- [ RunTime:0.003000s ]
INFO: [ app_begin ] --START--
INFO: Run Behavior\ReadHtmlCacheBehavior [ RunTime:0.002001s ]
INFO: [ app_begin ] --END-- [ RunTime:0.003001s ]
SQL: SHOW COLUMNS FROM `ts_menu` [ RunTime:0.0090s ]
SQL: SHOW COLUMNS FROM `ts_dict` [ RunTime:0.0100s ]
SQL: SELECT * FROM `ts_dict` WHERE `field` = 'status'  [ RunTime:0.0020s ]
SQL: SELECT m.id,m.name,m.pid,`url`,`sort`,`icon`,di.name AS `status` FROM ts_menu m INNER JOIN ts_dict di on di.field="status" and m.status=di.value    [ RunTime:0.0060s ]
INFO: [ view_parse ] --START--
INFO: [ template_filter ] --START--
INFO: Run Behavior\ContentReplaceBehavior [ RunTime:0.000000s ]
INFO: [ template_filter ] --END-- [ RunTime:0.002000s ]
INFO: Run Behavior\ParseTemplateBehavior [ RunTime:0.122007s ]
INFO: [ view_parse ] --END-- [ RunTime:0.122007s ]
INFO: [ view_filter ] --START--
INFO: Run Behavior\WriteHtmlCacheBehavior [ RunTime:0.005001s ]
INFO: [ view_filter ] --END-- [ RunTime:0.005001s ]
INFO: [ app_end ] --START--
INFO: Run Behavior\ShowPageTraceBehavior [ RunTime:0.003000s ]
INFO: [ app_end ] --END-- [ RunTime:0.004000s ]

[ 2017-02-28T21:46:41+08:00 ] 127.0.0.1 /138/arche/index.php/Admin/Menu/index/opt/showMenu.html
INFO: [ app_init ] --START--
INFO: Run Behavior\BuildLiteBehavior [ RunTime:0.000000s ]
INFO: [ app_init ] --END-- [ RunTime:0.002000s ]
INFO: [ app_begin ] --START--
INFO: Run Behavior\ReadHtmlCacheBehavior [ RunTime:0.004000s ]
INFO: [ app_begin ] --END-- [ RunTime:0.005000s ]
SQL: SHOW COLUMNS FROM `ts_menu` [ RunTime:0.0090s ]
SQL: SHOW COLUMNS FROM `ts_dict` [ RunTime:0.0080s ]
SQL: SELECT * FROM `ts_dict` WHERE `field` = 'status'  [ RunTime:0.0010s ]
SQL: SELECT m.id,m.name,m.pid,`url`,`sort`,`icon`,di.name AS `status` FROM ts_menu m INNER JOIN ts_dict di on di.field="status" and m.status=di.value    [ RunTime:0.0020s ]
INFO: [ view_parse ] --START--
INFO: [ template_filter ] --START--
INFO: Run Behavior\ContentReplaceBehavior [ RunTime:0.000000s ]
INFO: [ template_filter ] --END-- [ RunTime:0.001000s ]
INFO: Run Behavior\ParseTemplateBehavior [ RunTime:0.098006s ]
INFO: [ view_parse ] --END-- [ RunTime:0.098006s ]
INFO: [ view_filter ] --START--
INFO: Run Behavior\WriteHtmlCacheBehavior [ RunTime:0.001000s ]
INFO: [ view_filter ] --END-- [ RunTime:0.002000s ]
INFO: [ app_end ] --START--
INFO: Run Behavior\ShowPageTraceBehavior [ RunTime:0.002000s ]
INFO: [ app_end ] --END-- [ RunTime:0.003000s ]

[ 2017-02-28T21:47:27+08:00 ] 127.0.0.1 /138/arche/index.php/Admin/Menu/index/opt/showMenu.html
INFO: [ app_init ] --START--
INFO: Run Behavior\BuildLiteBehavior [ RunTime:0.000000s ]
INFO: [ app_init ] --END-- [ RunTime:0.002000s ]
INFO: [ app_begin ] --START--
INFO: Run Behavior\ReadHtmlCacheBehavior [ RunTime:0.002000s ]
INFO: [ app_begin ] --END-- [ RunTime:0.003001s ]
SQL: SHOW COLUMNS FROM `ts_menu` [ RunTime:0.0100s ]
SQL: SHOW COLUMNS FROM `ts_dict` [ RunTime:0.0080s ]
SQL: SELECT * FROM `ts_dict` WHERE `field` = 'status'  [ RunTime:0.0010s ]
SQL: SELECT m.id,m.name,m.pid,`url`,`sort`,`icon`,di.name AS `status` FROM ts_menu m INNER JOIN ts_dict di on di.field="status" and m.status=di.value    [ RunTime:0.0010s ]
INFO: [ view_parse ] --START--
INFO: [ template_filter ] --START--
INFO: Run Behavior\ContentReplaceBehavior [ RunTime:0.000000s ]
INFO: [ template_filter ] --END-- [ RunTime:0.002000s ]
INFO: Run Behavior\ParseTemplateBehavior [ RunTime:0.096005s ]
INFO: [ view_parse ] --END-- [ RunTime:0.097005s ]
INFO: [ view_filter ] --START--
INFO: Run Behavior\WriteHtmlCacheBehavior [ RunTime:0.002000s ]
INFO: [ view_filter ] --END-- [ RunTime:0.002000s ]
INFO: [ app_end ] --START--
INFO: Run Behavior\ShowPageTraceBehavior [ RunTime:0.003000s ]
INFO: [ app_end ] --END-- [ RunTime:0.003000s ]

[ 2017-02-28T21:48:31+08:00 ] 127.0.0.1 /138/arche/index.php/Admin/Menu/index/opt/showMenu.html
INFO: [ app_init ] --START--
INFO: Run Behavior\BuildLiteBehavior [ RunTime:0.001000s ]
INFO: [ app_init ] --END-- [ RunTime:0.002000s ]
INFO: [ app_begin ] --START--
INFO: Run Behavior\ReadHtmlCacheBehavior [ RunTime:0.003000s ]
INFO: [ app_begin ] --END-- [ RunTime:0.005000s ]
SQL: SHOW COLUMNS FROM `ts_menu` [ RunTime:0.0100s ]
SQL: SHOW COLUMNS FROM `ts_dict` [ RunTime:0.0090s ]
SQL: SELECT * FROM `ts_dict` WHERE `field` = 'status'  [ RunTime:0.0010s ]
SQL: SELECT m.id,m.name,m.pid,`url`,`sort`,`icon`,di.name AS `status` FROM ts_menu m INNER JOIN ts_dict di on di.field="status" and m.status=di.value    [ RunTime:0.0020s ]
INFO: [ view_parse ] --START--
INFO: [ template_filter ] --START--
INFO: Run Behavior\ContentReplaceBehavior [ RunTime:0.001001s ]
INFO: [ template_filter ] --END-- [ RunTime:0.001001s ]
INFO: Run Behavior\ParseTemplateBehavior [ RunTime:0.145009s ]
INFO: [ view_parse ] --END-- [ RunTime:0.145009s ]
INFO: [ view_filter ] --START--
INFO: Run Behavior\WriteHtmlCacheBehavior [ RunTime:0.002000s ]
INFO: [ view_filter ] --END-- [ RunTime:0.007000s ]
INFO: [ app_end ] --START--
INFO: Run Behavior\ShowPageTraceBehavior [ RunTime:0.004000s ]
INFO: [ app_end ] --END-- [ RunTime:0.005000s ]

[ 2017-02-28T21:48:36+08:00 ] 127.0.0.1 /138/arche/index.php/Admin/Menu/index/opt/editMenu/id/7
INFO: [ app_init ] --START--
INFO: Run Behavior\BuildLiteBehavior [ RunTime:0.000000s ]
INFO: [ app_init ] --END-- [ RunTime:0.003000s ]
INFO: [ app_begin ] --START--
INFO: Run Behavior\ReadHtmlCacheBehavior [ RunTime:0.002000s ]
INFO: [ app_begin ] --END-- [ RunTime:0.003000s ]
SQL: SHOW COLUMNS FROM `ts_menu` [ RunTime:0.0080s ]
SQL: SHOW COLUMNS FROM `ts_dict` [ RunTime:0.0080s ]
SQL: SELECT * FROM `ts_dict` WHERE `field` = 'status'  [ RunTime:0.0010s ]
SQL: SHOW COLUMNS FROM `ts_menu` [ RunTime:0.0080s ]
SQL: SELECT COUNT(*) AS tp_count FROM `ts_menu` WHERE `pid` = 7 LIMIT 1   [ RunTime:0.0010s ]
INFO: [ app_end ] --START--
INFO: Run Behavior\ShowPageTraceBehavior [ RunTime:0.002000s ]
INFO: [ app_end ] --END-- [ RunTime:0.002000s ]

[ 2017-02-28T21:49:21+08:00 ] 127.0.0.1 /138/arche/index.php/Admin/Menu/index/opt/showMenu.html
INFO: [ app_init ] --START--
INFO: Run Behavior\BuildLiteBehavior [ RunTime:0.000000s ]
INFO: [ app_init ] --END-- [ RunTime:0.002000s ]
INFO: [ app_begin ] --START--
INFO: Run Behavior\ReadHtmlCacheBehavior [ RunTime:0.002000s ]
INFO: [ app_begin ] --END-- [ RunTime:0.003000s ]
SQL: SHOW COLUMNS FROM `ts_menu` [ RunTime:0.0080s ]
SQL: SHOW COLUMNS FROM `ts_dict` [ RunTime:0.0090s ]
SQL: SELECT * FROM `ts_dict` WHERE `field` = 'status'  [ RunTime:0.0010s ]
SQL: SELECT m.id,m.name,m.pid,`url`,`sort`,`icon`,di.name AS `status` FROM ts_menu m INNER JOIN ts_dict di on di.field="status" and m.status=di.value    [ RunTime:0.0010s ]
INFO: [ view_parse ] --START--
INFO: [ template_filter ] --START--
INFO: Run Behavior\ContentReplaceBehavior [ RunTime:0.000000s ]
INFO: [ template_filter ] --END-- [ RunTime:0.002000s ]
INFO: Run Behavior\ParseTemplateBehavior [ RunTime:0.099006s ]
INFO: [ view_parse ] --END-- [ RunTime:0.101006s ]
INFO: [ view_filter ] --START--
INFO: Run Behavior\WriteHtmlCacheBehavior [ RunTime:0.001000s ]
INFO: [ view_filter ] --END-- [ RunTime:0.002000s ]
INFO: [ app_end ] --START--
INFO: Run Behavior\ShowPageTraceBehavior [ RunTime:0.003000s ]
INFO: [ app_end ] --END-- [ RunTime:0.007001s ]

[ 2017-02-28T21:49:23+08:00 ] 127.0.0.1 /138/arche/index.php/Admin/Menu/index/opt/editMenu/id/7
INFO: [ app_init ] --START--
INFO: Run Behavior\BuildLiteBehavior [ RunTime:0.000000s ]
INFO: [ app_init ] --END-- [ RunTime:0.002000s ]
INFO: [ app_begin ] --START--
INFO: Run Behavior\ReadHtmlCacheBehavior [ RunTime:0.002001s ]
INFO: [ app_begin ] --END-- [ RunTime:0.002001s ]
SQL: SHOW COLUMNS FROM `ts_menu` [ RunTime:0.0060s ]
SQL: SHOW COLUMNS FROM `ts_dict` [ RunTime:0.0060s ]
SQL: SELECT * FROM `ts_dict` WHERE `field` = 'status'  [ RunTime:0.0010s ]
SQL: SHOW COLUMNS FROM `ts_menu` [ RunTime:0.0070s ]
SQL: SELECT COUNT(*) AS tp_count FROM `ts_menu` WHERE `pid` = 7 LIMIT 1   [ RunTime:0.0010s ]
INFO: [ app_end ] --START--
INFO: Run Behavior\ShowPageTraceBehavior [ RunTime:0.002000s ]
INFO: [ app_end ] --END-- [ RunTime:0.002000s ]

[ 2017-02-28T21:49:30+08:00 ] 127.0.0.1 /138/arche/index.php/Admin/Menu/index/opt/doEditMenu
INFO: [ app_init ] --START--
INFO: Run Behavior\BuildLiteBehavior [ RunTime:0.000000s ]
INFO: [ app_init ] --END-- [ RunTime:0.003001s ]
INFO: [ app_begin ] --START--
INFO: Run Behavior\ReadHtmlCacheBehavior [ RunTime:0.002000s ]
INFO: [ app_begin ] --END-- [ RunTime:0.003000s ]
SQL: SHOW COLUMNS FROM `ts_menu` [ RunTime:0.0070s ]
SQL: SHOW COLUMNS FROM `ts_dict` [ RunTime:0.0070s ]
SQL: SELECT * FROM `ts_dict` WHERE `field` = 'status'  [ RunTime:0.0010s ]
INFO: [ app_end ] --START--
INFO: Run Behavior\ShowPageTraceBehavior [ RunTime:0.010001s ]
INFO: [ app_end ] --END-- [ RunTime:0.011001s ]

[ 2017-02-28T21:49:39+08:00 ] 127.0.0.1 /138/arche/index.php/Admin/Menu/index/opt/editMenu/id/1
INFO: [ app_init ] --START--
INFO: Run Behavior\BuildLiteBehavior [ RunTime:0.000000s ]
INFO: [ app_init ] --END-- [ RunTime:0.002000s ]
INFO: [ app_begin ] --START--
INFO: Run Behavior\ReadHtmlCacheBehavior [ RunTime:0.002000s ]
INFO: [ app_begin ] --END-- [ RunTime:0.003001s ]
SQL: SHOW COLUMNS FROM `ts_menu` [ RunTime:0.0090s ]
SQL: SHOW COLUMNS FROM `ts_dict` [ RunTime:0.0080s ]
SQL: SELECT * FROM `ts_dict` WHERE `field` = 'status'  [ RunTime:0.0010s ]
SQL: SHOW COLUMNS FROM `ts_menu` [ RunTime:0.0080s ]
SQL: SELECT COUNT(*) AS tp_count FROM `ts_menu` WHERE `pid` = 1 LIMIT 1   [ RunTime:0.0010s ]
INFO: [ app_end ] --START--
INFO: Run Behavior\ShowPageTraceBehavior [ RunTime:0.002000s ]
INFO: [ app_end ] --END-- [ RunTime:0.003000s ]

[ 2017-02-28T21:49:42+08:00 ] 127.0.0.1 /138/arche/index.php/Admin/Menu/index/opt/doEditMenu
INFO: [ app_init ] --START--
INFO: Run Behavior\BuildLiteBehavior [ RunTime:0.000000s ]
INFO: [ app_init ] --END-- [ RunTime:0.003000s ]
INFO: [ app_begin ] --START--
INFO: Run Behavior\ReadHtmlCacheBehavior [ RunTime:0.002000s ]
INFO: [ app_begin ] --END-- [ RunTime:0.004000s ]
SQL: SHOW COLUMNS FROM `ts_menu` [ RunTime:0.0090s ]
SQL: SHOW COLUMNS FROM `ts_dict` [ RunTime:0.0180s ]
SQL: SELECT * FROM `ts_dict` WHERE `field` = 'status'  [ RunTime:0.0020s ]
INFO: [ app_end ] --START--
INFO: Run Behavior\ShowPageTraceBehavior [ RunTime:0.002000s ]
INFO: [ app_end ] --END-- [ RunTime:0.003001s ]

[ 2017-02-28T22:01:14+08:00 ] 127.0.0.1 /138/arche/index.php/Admin/Menu/index/opt/showMenu.html
INFO: [ app_init ] --START--
INFO: Run Behavior\BuildLiteBehavior [ RunTime:0.000000s ]
INFO: [ app_init ] --END-- [ RunTime:0.002000s ]
INFO: [ app_begin ] --START--
INFO: Run Behavior\ReadHtmlCacheBehavior [ RunTime:0.002000s ]
INFO: [ app_begin ] --END-- [ RunTime:0.002000s ]
SQL: SHOW COLUMNS FROM `ts_menu` [ RunTime:0.0070s ]
SQL: SHOW COLUMNS FROM `ts_dict` [ RunTime:0.0060s ]
SQL: SELECT * FROM `ts_dict` WHERE `field` = 'status'  [ RunTime:0.0010s ]
SQL: SELECT m.id,m.name,m.pid,`url`,`sort`,`icon`,di.name AS `status` FROM ts_menu m INNER JOIN ts_dict di on di.field="status" and m.status=di.value    [ RunTime:0.0010s ]
INFO: [ view_parse ] --START--
INFO: [ template_filter ] --START--
INFO: Run Behavior\ContentReplaceBehavior [ RunTime:0.001000s ]
INFO: [ template_filter ] --END-- [ RunTime:0.001000s ]

[ 2017-02-28T22:03:29+08:00 ] 127.0.0.1 /138/arche/index.php/Admin/Menu/index/opt/showMenu.html
INFO: [ app_init ] --START--
INFO: Run Behavior\BuildLiteBehavior [ RunTime:0.000000s ]
INFO: [ app_init ] --END-- [ RunTime:0.002000s ]
INFO: [ app_begin ] --START--
INFO: Run Behavior\ReadHtmlCacheBehavior [ RunTime:0.003000s ]
INFO: [ app_begin ] --END-- [ RunTime:0.003000s ]
SQL: SHOW COLUMNS FROM `ts_menu` [ RunTime:0.0090s ]
SQL: SHOW COLUMNS FROM `ts_dict` [ RunTime:0.0080s ]
SQL: SELECT * FROM `ts_dict` WHERE `field` = 'status'  [ RunTime:0.0010s ]
SQL: SELECT m.id,m.name,m.pid,`url`,`sort`,`icon`,di.name AS `status` FROM ts_menu m INNER JOIN ts_dict di on di.field="status" and m.status=di.value    [ RunTime:0.0010s ]
INFO: [ view_parse ] --START--
INFO: [ template_filter ] --START--
INFO: Run Behavior\ContentReplaceBehavior [ RunTime:0.001000s ]
INFO: [ template_filter ] --END-- [ RunTime:0.002000s ]

[ 2017-02-28T22:05:18+08:00 ] 127.0.0.1 /138/arche/index.php/Admin/Menu/index/opt/showMenu.html
INFO: [ app_init ] --START--
INFO: Run Behavior\BuildLiteBehavior [ RunTime:0.000000s ]
INFO: [ app_init ] --END-- [ RunTime:0.002000s ]
INFO: [ app_begin ] --START--
INFO: Run Behavior\ReadHtmlCacheBehavior [ RunTime:0.001000s ]
INFO: [ app_begin ] --END-- [ RunTime:0.003000s ]
SQL: SHOW COLUMNS FROM `ts_menu` [ RunTime:0.0080s ]
SQL: SHOW COLUMNS FROM `ts_dict` [ RunTime:0.0080s ]
SQL: SELECT * FROM `ts_dict` WHERE `field` = 'status'  [ RunTime:0.0010s ]
SQL: SELECT m.id,m.name,m.pid,`url`,`sort`,`icon`,di.name AS `status` FROM ts_menu m INNER JOIN ts_dict di on di.field="status" and m.status=di.value    [ RunTime:0.0010s ]
INFO: [ view_parse ] --START--
INFO: [ template_filter ] --START--
INFO: Run Behavior\ContentReplaceBehavior [ RunTime:0.001000s ]
INFO: [ template_filter ] --END-- [ RunTime:0.001000s ]
INFO: Run Behavior\ParseTemplateBehavior [ RunTime:0.096006s ]
INFO: [ view_parse ] --END-- [ RunTime:0.097006s ]
INFO: [ view_filter ] --START--
INFO: Run Behavior\WriteHtmlCacheBehavior [ RunTime:0.002000s ]
INFO: [ view_filter ] --END-- [ RunTime:0.002000s ]
INFO: [ app_end ] --START--
INFO: Run Behavior\ShowPageTraceBehavior [ RunTime:0.003000s ]
INFO: [ app_end ] --END-- [ RunTime:0.004000s ]

[ 2017-02-28T22:05:21+08:00 ] 127.0.0.1 /138/arche/index.php/Admin/Menu/index/opt/editMenu/id/6
INFO: [ app_init ] --START--
INFO: Run Behavior\BuildLiteBehavior [ RunTime:0.000000s ]
INFO: [ app_init ] --END-- [ RunTime:0.001000s ]
INFO: [ app_begin ] --START--
INFO: Run Behavior\ReadHtmlCacheBehavior [ RunTime:0.002000s ]
INFO: [ app_begin ] --END-- [ RunTime:0.002000s ]
SQL: SHOW COLUMNS FROM `ts_menu` [ RunTime:0.0050s ]
SQL: SHOW COLUMNS FROM `ts_dict` [ RunTime:0.0070s ]
SQL: SELECT * FROM `ts_dict` WHERE `field` = 'status'  [ RunTime:0.0010s ]
SQL: SHOW COLUMNS FROM `ts_menu` [ RunTime:0.0060s ]
SQL: SELECT COUNT(*) AS tp_count FROM `ts_menu` WHERE `pid` = 6 LIMIT 1   [ RunTime:0.0010s ]
INFO: [ app_end ] --START--
INFO: Run Behavior\ShowPageTraceBehavior [ RunTime:0.001000s ]
INFO: [ app_end ] --END-- [ RunTime:0.002000s ]

[ 2017-02-28T22:05:24+08:00 ] 127.0.0.1 /138/arche/index.php/Admin/Menu/index/opt/doEditMenu
INFO: [ app_init ] --START--
INFO: Run Behavior\BuildLiteBehavior [ RunTime:0.000000s ]
INFO: [ app_init ] --END-- [ RunTime:0.002000s ]
INFO: [ app_begin ] --START--
INFO: Run Behavior\ReadHtmlCacheBehavior [ RunTime:0.002001s ]
INFO: [ app_begin ] --END-- [ RunTime:0.003001s ]
SQL: SHOW COLUMNS FROM `ts_menu` [ RunTime:0.0110s ]
SQL: SHOW COLUMNS FROM `ts_dict` [ RunTime:0.0060s ]
SQL: SELECT * FROM `ts_dict` WHERE `field` = 'status'  [ RunTime:0.0010s ]
INFO: [ app_end ] --START--
INFO: Run Behavior\ShowPageTraceBehavior [ RunTime:0.002000s ]
INFO: [ app_end ] --END-- [ RunTime:0.003000s ]

[ 2017-02-28T22:05:49+08:00 ] 127.0.0.1 /138/arche/index.php/Admin/Menu/index/opt/editMenu/id/1
INFO: [ app_init ] --START--
INFO: Run Behavior\BuildLiteBehavior [ RunTime:0.000000s ]
INFO: [ app_init ] --END-- [ RunTime:0.002001s ]
INFO: [ app_begin ] --START--
INFO: Run Behavior\ReadHtmlCacheBehavior [ RunTime:0.002000s ]
INFO: [ app_begin ] --END-- [ RunTime:0.002000s ]
SQL: SHOW COLUMNS FROM `ts_menu` [ RunTime:0.0100s ]
SQL: SHOW COLUMNS FROM `ts_dict` [ RunTime:0.0120s ]
SQL: SELECT * FROM `ts_dict` WHERE `field` = 'status'  [ RunTime:0.0010s ]
SQL: SHOW COLUMNS FROM `ts_menu` [ RunTime:0.0080s ]
SQL: SELECT COUNT(*) AS tp_count FROM `ts_menu` WHERE `pid` = 1 LIMIT 1   [ RunTime:0.0010s ]
INFO: [ app_end ] --START--
INFO: Run Behavior\ShowPageTraceBehavior [ RunTime:0.002000s ]
INFO: [ app_end ] --END-- [ RunTime:0.003000s ]

[ 2017-02-28T22:44:16+08:00 ] 127.0.0.1 /138/arche/index.php/Admin/Menu/index/opt/showMenu.html
INFO: [ app_init ] --START--
INFO: Run Behavior\BuildLiteBehavior [ RunTime:0.000000s ]
INFO: [ app_init ] --END-- [ RunTime:0.003000s ]
INFO: [ app_begin ] --START--
INFO: Run Behavior\ReadHtmlCacheBehavior [ RunTime:0.003000s ]
INFO: [ app_begin ] --END-- [ RunTime:0.003000s ]
SQL: SHOW COLUMNS FROM `ts_menu` [ RunTime:0.0110s ]
SQL: SHOW COLUMNS FROM `ts_dict` [ RunTime:0.0090s ]
SQL: SELECT * FROM `ts_dict` WHERE `field` = 'status'  [ RunTime:0.0020s ]
SQL: SELECT m.id,m.name,m.pid,`url`,`sort`,`icon`,di.name AS `status` FROM ts_menu m INNER JOIN ts_dict di on di.field="status" and m.status=di.value    [ RunTime:0.0010s ]
INFO: [ view_parse ] --START--
INFO: [ template_filter ] --START--
INFO: Run Behavior\ContentReplaceBehavior [ RunTime:0.000000s ]
INFO: [ template_filter ] --END-- [ RunTime:0.001000s ]
INFO: Run Behavior\ParseTemplateBehavior [ RunTime:0.107006s ]
INFO: [ view_parse ] --END-- [ RunTime:0.108006s ]
INFO: [ view_filter ] --START--
INFO: Run Behavior\WriteHtmlCacheBehavior [ RunTime:0.001000s ]
INFO: [ view_filter ] --END-- [ RunTime:0.003000s ]
INFO: [ app_end ] --START--
INFO: Run Behavior\ShowPageTraceBehavior [ RunTime:0.017001s ]
INFO: [ app_end ] --END-- [ RunTime:0.017001s ]

[ 2017-02-28T22:44:43+08:00 ] 127.0.0.1 /138/arche/index.php/Admin/Menu/index/opt/editMenu/id/7
INFO: [ app_init ] --START--
INFO: Run Behavior\BuildLiteBehavior [ RunTime:0.000000s ]
INFO: [ app_init ] --END-- [ RunTime:0.003000s ]
INFO: [ app_begin ] --START--
INFO: Run Behavior\ReadHtmlCacheBehavior [ RunTime:0.003000s ]
INFO: [ app_begin ] --END-- [ RunTime:0.003000s ]
SQL: SHOW COLUMNS FROM `ts_menu` [ RunTime:0.0090s ]
SQL: SHOW COLUMNS FROM `ts_dict` [ RunTime:0.0080s ]
SQL: SELECT * FROM `ts_dict` WHERE `field` = 'status'  [ RunTime:0.0010s ]
SQL: SHOW COLUMNS FROM `ts_menu` [ RunTime:0.0080s ]
SQL: SELECT COUNT(*) AS tp_count FROM `ts_menu` WHERE `pid` = 7 LIMIT 1   [ RunTime:0.0010s ]
INFO: [ app_end ] --START--
INFO: Run Behavior\ShowPageTraceBehavior [ RunTime:0.002000s ]
INFO: [ app_end ] --END-- [ RunTime:0.003000s ]

[ 2017-02-28T22:46:39+08:00 ] 127.0.0.1 /138/arche/index.php/Admin/Menu/index/opt/showMenu.html
INFO: [ app_init ] --START--
INFO: Run Behavior\BuildLiteBehavior [ RunTime:0.000000s ]
INFO: [ app_init ] --END-- [ RunTime:0.003001s ]
INFO: [ app_begin ] --START--
INFO: Run Behavior\ReadHtmlCacheBehavior [ RunTime:0.002000s ]
INFO: [ app_begin ] --END-- [ RunTime:0.003000s ]
SQL: SHOW COLUMNS FROM `ts_menu` [ RunTime:0.0090s ]
SQL: SHOW COLUMNS FROM `ts_dict` [ RunTime:0.0090s ]
SQL: SELECT * FROM `ts_dict` WHERE `field` = 'status'  [ RunTime:0.0010s ]
SQL: SELECT m.id,m.name,m.pid,`url`,`sort`,`icon`,di.name AS `status` FROM ts_menu m INNER JOIN ts_dict di on di.field="status" and m.status=di.value    [ RunTime:0.0020s ]
INFO: [ view_parse ] --START--
INFO: [ template_filter ] --START--
INFO: Run Behavior\ContentReplaceBehavior [ RunTime:0.001000s ]
INFO: [ template_filter ] --END-- [ RunTime:0.001000s ]
INFO: Run Behavior\ParseTemplateBehavior [ RunTime:0.123007s ]
INFO: [ view_parse ] --END-- [ RunTime:0.124007s ]
INFO: [ view_filter ] --START--
INFO: Run Behavior\WriteHtmlCacheBehavior [ RunTime:0.003000s ]
INFO: [ view_filter ] --END-- [ RunTime:0.005000s ]
INFO: [ app_end ] --START--
INFO: Run Behavior\ShowPageTraceBehavior [ RunTime:0.013000s ]
INFO: [ app_end ] --END-- [ RunTime:0.019001s ]

[ 2017-02-28T22:46:41+08:00 ] 127.0.0.1 /138/arche/index.php/Admin/Menu/index/opt/editMenu/id/7
INFO: [ app_init ] --START--
INFO: Run Behavior\BuildLiteBehavior [ RunTime:0.000000s ]
INFO: [ app_init ] --END-- [ RunTime:0.002000s ]
INFO: [ app_begin ] --START--
INFO: Run Behavior\ReadHtmlCacheBehavior [ RunTime:0.002000s ]
INFO: [ app_begin ] --END-- [ RunTime:0.003000s ]
SQL: SHOW COLUMNS FROM `ts_menu` [ RunTime:0.0080s ]
SQL: SHOW COLUMNS FROM `ts_dict` [ RunTime:0.0060s ]
SQL: SELECT * FROM `ts_dict` WHERE `field` = 'status'  [ RunTime:0.0010s ]
SQL: SHOW COLUMNS FROM `ts_menu` [ RunTime:0.0060s ]
SQL: SELECT COUNT(*) AS tp_count FROM `ts_menu` WHERE `pid` = 7 LIMIT 1   [ RunTime:0.0010s ]
INFO: [ app_end ] --START--
INFO: Run Behavior\ShowPageTraceBehavior [ RunTime:0.002000s ]
INFO: [ app_end ] --END-- [ RunTime:0.002000s ]

[ 2017-02-28T22:51:32+08:00 ] 127.0.0.1 /138/arche/index.php/Admin/Menu/index/opt/showMenu.html
INFO: [ app_init ] --START--
INFO: Run Behavior\BuildLiteBehavior [ RunTime:0.000000s ]
INFO: [ app_init ] --END-- [ RunTime:0.003000s ]
INFO: [ app_begin ] --START--
INFO: Run Behavior\ReadHtmlCacheBehavior [ RunTime:0.003001s ]
INFO: [ app_begin ] --END-- [ RunTime:0.003001s ]
SQL: SHOW COLUMNS FROM `ts_menu` [ RunTime:0.0090s ]
SQL: SHOW COLUMNS FROM `ts_dict` [ RunTime:0.0090s ]
SQL: SELECT * FROM `ts_dict` WHERE `field` = 'status'  [ RunTime:0.0010s ]
SQL: SELECT m.id,m.name,m.pid,`url`,`sort`,`icon`,di.name AS `status` FROM ts_menu m INNER JOIN ts_dict di on di.field="status" and m.status=di.value    [ RunTime:0.0010s ]
INFO: [ view_parse ] --START--
INFO: [ template_filter ] --START--
INFO: Run Behavior\ContentReplaceBehavior [ RunTime:0.001000s ]
INFO: [ template_filter ] --END-- [ RunTime:0.001000s ]
INFO: Run Behavior\ParseTemplateBehavior [ RunTime:0.099006s ]
INFO: [ view_parse ] --END-- [ RunTime:0.100006s ]
INFO: [ view_filter ] --START--
INFO: Run Behavior\WriteHtmlCacheBehavior [ RunTime:0.002000s ]
INFO: [ view_filter ] --END-- [ RunTime:0.003000s ]
INFO: [ app_end ] --START--
INFO: Run Behavior\ShowPageTraceBehavior [ RunTime:0.007000s ]
INFO: [ app_end ] --END-- [ RunTime:0.008001s ]

[ 2017-02-28T22:51:34+08:00 ] 127.0.0.1 /138/arche/index.php/Admin/Menu/index/opt/editMenu/id/7
INFO: [ app_init ] --START--
INFO: Run Behavior\BuildLiteBehavior [ RunTime:0.001000s ]
INFO: [ app_init ] --END-- [ RunTime:0.002001s ]
INFO: [ app_begin ] --START--
INFO: Run Behavior\ReadHtmlCacheBehavior [ RunTime:0.003000s ]
INFO: [ app_begin ] --END-- [ RunTime:0.003000s ]
SQL: SHOW COLUMNS FROM `ts_menu` [ RunTime:0.0070s ]
SQL: SHOW COLUMNS FROM `ts_dict` [ RunTime:0.0070s ]
SQL: SELECT * FROM `ts_dict` WHERE `field` = 'status'  [ RunTime:0.0010s ]
SQL: SHOW COLUMNS FROM `ts_menu` [ RunTime:0.0070s ]
SQL: SELECT COUNT(*) AS tp_count FROM `ts_menu` WHERE `pid` = 7 LIMIT 1   [ RunTime:0.0010s ]
INFO: [ app_end ] --START--
INFO: Run Behavior\ShowPageTraceBehavior [ RunTime:0.002000s ]
INFO: [ app_end ] --END-- [ RunTime:0.002000s ]

[ 2017-02-28T22:51:57+08:00 ] 127.0.0.1 /138/arche/index.php/Admin/Menu/index/opt/editMenu/id/7
INFO: [ app_init ] --START--
INFO: Run Behavior\BuildLiteBehavior [ RunTime:0.000000s ]
INFO: [ app_init ] --END-- [ RunTime:0.002000s ]
INFO: [ app_begin ] --START--
INFO: Run Behavior\ReadHtmlCacheBehavior [ RunTime:0.005001s ]
INFO: [ app_begin ] --END-- [ RunTime:0.006001s ]
SQL: SHOW COLUMNS FROM `ts_menu` [ RunTime:0.0080s ]
SQL: SHOW COLUMNS FROM `ts_dict` [ RunTime:0.0080s ]
SQL: SELECT * FROM `ts_dict` WHERE `field` = 'status'  [ RunTime:0.0010s ]
SQL: SHOW COLUMNS FROM `ts_menu` [ RunTime:0.0080s ]
SQL: SELECT COUNT(*) AS tp_count FROM `ts_menu` WHERE `pid` = 7 LIMIT 1   [ RunTime:0.0010s ]
INFO: [ app_end ] --START--
INFO: Run Behavior\ShowPageTraceBehavior [ RunTime:0.002000s ]
INFO: [ app_end ] --END-- [ RunTime:0.003000s ]

[ 2017-02-28T22:54:13+08:00 ] 127.0.0.1 /138/arche/index.php/Admin/Menu/index/opt/showMenu.html
INFO: [ app_init ] --START--
INFO: Run Behavior\BuildLiteBehavior [ RunTime:0.000000s ]
INFO: [ app_init ] --END-- [ RunTime:0.002001s ]
INFO: [ app_begin ] --START--
INFO: Run Behavior\ReadHtmlCacheBehavior [ RunTime:0.005000s ]
INFO: [ app_begin ] --END-- [ RunTime:0.005000s ]
SQL: SHOW COLUMNS FROM `ts_menu` [ RunTime:0.0110s ]
SQL: SHOW COLUMNS FROM `ts_dict` [ RunTime:0.0070s ]
SQL: SELECT * FROM `ts_dict` WHERE `field` = 'status'  [ RunTime:0.0010s ]
SQL: SELECT m.id,m.name,m.pid,`url`,`sort`,`icon`,di.name AS `status` FROM ts_menu m INNER JOIN ts_dict di on di.field="status" and m.status=di.value    [ RunTime:0.0010s ]
INFO: [ view_parse ] --START--
INFO: [ template_filter ] --START--
INFO: Run Behavior\ContentReplaceBehavior [ RunTime:0.004000s ]
INFO: [ template_filter ] --END-- [ RunTime:0.004000s ]
INFO: Run Behavior\ParseTemplateBehavior [ RunTime:0.107006s ]
INFO: [ view_parse ] --END-- [ RunTime:0.109007s ]
INFO: [ view_filter ] --START--
INFO: Run Behavior\WriteHtmlCacheBehavior [ RunTime:0.001000s ]
INFO: [ view_filter ] --END-- [ RunTime:0.005000s ]
INFO: [ app_end ] --START--
INFO: Run Behavior\ShowPageTraceBehavior [ RunTime:0.002000s ]
INFO: [ app_end ] --END-- [ RunTime:0.003000s ]

[ 2017-02-28T22:54:15+08:00 ] 127.0.0.1 /138/arche/index.php/Admin/Menu/index/opt/editMenu/id/6
INFO: [ app_init ] --START--
INFO: Run Behavior\BuildLiteBehavior [ RunTime:0.000000s ]
INFO: [ app_init ] --END-- [ RunTime:0.003000s ]
INFO: [ app_begin ] --START--
INFO: Run Behavior\ReadHtmlCacheBehavior [ RunTime:0.003000s ]
INFO: [ app_begin ] --END-- [ RunTime:0.003000s ]
SQL: SHOW COLUMNS FROM `ts_menu` [ RunTime:0.0060s ]
SQL: SHOW COLUMNS FROM `ts_dict` [ RunTime:0.0060s ]
SQL: SELECT * FROM `ts_dict` WHERE `field` = 'status'  [ RunTime:0.0010s ]
SQL: SHOW COLUMNS FROM `ts_menu` [ RunTime:0.0070s ]
SQL: SELECT COUNT(*) AS tp_count FROM `ts_menu` WHERE `pid` = 6 LIMIT 1   [ RunTime:0.0000s ]
INFO: [ app_end ] --START--
INFO: Run Behavior\ShowPageTraceBehavior [ RunTime:0.003000s ]
INFO: [ app_end ] --END-- [ RunTime:0.003000s ]

[ 2017-02-28T22:55:50+08:00 ] 127.0.0.1 /138/arche/index.php/Admin/Menu/index/opt/showMenu.html
INFO: [ app_init ] --START--
INFO: Run Behavior\BuildLiteBehavior [ RunTime:0.000000s ]
INFO: [ app_init ] --END-- [ RunTime:0.003000s ]
INFO: [ app_begin ] --START--
INFO: Run Behavior\ReadHtmlCacheBehavior [ RunTime:0.002000s ]
INFO: [ app_begin ] --END-- [ RunTime:0.003000s ]
SQL: SHOW COLUMNS FROM `ts_menu` [ RunTime:0.0090s ]
SQL: SHOW COLUMNS FROM `ts_dict` [ RunTime:0.0090s ]
SQL: SELECT * FROM `ts_dict` WHERE `field` = 'status'  [ RunTime:0.0010s ]
SQL: SELECT m.id,m.name,m.pid,`url`,`sort`,`icon`,di.name AS `status` FROM ts_menu m INNER JOIN ts_dict di on di.field="status" and m.status=di.value    [ RunTime:0.0040s ]
INFO: [ view_parse ] --START--
INFO: [ template_filter ] --START--
INFO: Run Behavior\ContentReplaceBehavior [ RunTime:0.001000s ]
INFO: [ template_filter ] --END-- [ RunTime:0.002001s ]
INFO: Run Behavior\ParseTemplateBehavior [ RunTime:0.122007s ]
INFO: [ view_parse ] --END-- [ RunTime:0.123007s ]
INFO: [ view_filter ] --START--
INFO: Run Behavior\WriteHtmlCacheBehavior [ RunTime:0.001000s ]
INFO: [ view_filter ] --END-- [ RunTime:0.003001s ]
INFO: [ app_end ] --START--
INFO: Run Behavior\ShowPageTraceBehavior [ RunTime:0.003001s ]
INFO: [ app_end ] --END-- [ RunTime:0.005001s ]

[ 2017-02-28T22:55:52+08:00 ] 127.0.0.1 /138/arche/index.php/Admin/Menu/index/opt/editMenu/id/6
INFO: [ app_init ] --START--
INFO: Run Behavior\BuildLiteBehavior [ RunTime:0.000000s ]
INFO: [ app_init ] --END-- [ RunTime:0.002001s ]
INFO: [ app_begin ] --START--
INFO: Run Behavior\ReadHtmlCacheBehavior [ RunTime:0.002000s ]
INFO: [ app_begin ] --END-- [ RunTime:0.002000s ]
SQL: SHOW COLUMNS FROM `ts_menu` [ RunTime:0.0080s ]
SQL: SHOW COLUMNS FROM `ts_dict` [ RunTime:0.0070s ]
SQL: SELECT * FROM `ts_dict` WHERE `field` = 'status'  [ RunTime:0.0010s ]
SQL: SHOW COLUMNS FROM `ts_menu` [ RunTime:0.0070s ]
SQL: SELECT COUNT(*) AS tp_count FROM `ts_menu` WHERE `pid` = 6 LIMIT 1   [ RunTime:0.0010s ]
INFO: [ app_end ] --START--
INFO: Run Behavior\ShowPageTraceBehavior [ RunTime:0.001000s ]
INFO: [ app_end ] --END-- [ RunTime:0.003000s ]

[ 2017-02-28T22:59:36+08:00 ] 127.0.0.1 /138/arche/index.php/Admin/Menu/index/opt/showMenu.html
INFO: [ app_init ] --START--
INFO: Run Behavior\BuildLiteBehavior [ RunTime:0.000000s ]
INFO: [ app_init ] --END-- [ RunTime:0.002000s ]
INFO: [ app_begin ] --START--
INFO: Run Behavior\ReadHtmlCacheBehavior [ RunTime:0.002000s ]
INFO: [ app_begin ] --END-- [ RunTime:0.003000s ]
SQL: SHOW COLUMNS FROM `ts_menu` [ RunTime:0.0090s ]
SQL: SHOW COLUMNS FROM `ts_dict` [ RunTime:0.0110s ]
SQL: SELECT * FROM `ts_dict` WHERE `field` = 'status'  [ RunTime:0.0010s ]
SQL: SELECT m.id,m.name,m.pid,`url`,`sort`,`icon`,di.name AS `status` FROM ts_menu m INNER JOIN ts_dict di on di.field="status" and m.status=di.value    [ RunTime:0.0010s ]
INFO: [ view_parse ] --START--
INFO: [ template_filter ] --START--
INFO: Run Behavior\ContentReplaceBehavior [ RunTime:0.000000s ]
INFO: [ template_filter ] --END-- [ RunTime:0.001000s ]
INFO: Run Behavior\ParseTemplateBehavior [ RunTime:0.100006s ]
INFO: [ view_parse ] --END-- [ RunTime:0.100006s ]
INFO: [ view_filter ] --START--
INFO: Run Behavior\WriteHtmlCacheBehavior [ RunTime:0.001000s ]
INFO: [ view_filter ] --END-- [ RunTime:0.002000s ]
INFO: [ app_end ] --START--
INFO: Run Behavior\ShowPageTraceBehavior [ RunTime:0.002000s ]
INFO: [ app_end ] --END-- [ RunTime:0.003000s ]

[ 2017-02-28T22:59:39+08:00 ] 127.0.0.1 /138/arche/index.php/Admin/Menu/index/opt/editMenu/id/6
INFO: [ app_init ] --START--
INFO: Run Behavior\BuildLiteBehavior [ RunTime:0.000000s ]
INFO: [ app_init ] --END-- [ RunTime:0.002000s ]
INFO: [ app_begin ] --START--
INFO: Run Behavior\ReadHtmlCacheBehavior [ RunTime:0.002000s ]
INFO: [ app_begin ] --END-- [ RunTime:0.002000s ]
SQL: SHOW COLUMNS FROM `ts_menu` [ RunTime:0.0070s ]
SQL: SHOW COLUMNS FROM `ts_dict` [ RunTime:0.0070s ]
SQL: SELECT * FROM `ts_dict` WHERE `field` = 'status'  [ RunTime:0.0000s ]
SQL: SHOW COLUMNS FROM `ts_menu` [ RunTime:0.0060s ]
SQL: SELECT COUNT(*) AS tp_count FROM `ts_menu` WHERE `pid` = 6 LIMIT 1   [ RunTime:0.0000s ]
INFO: [ app_end ] --START--
INFO: Run Behavior\ShowPageTraceBehavior [ RunTime:0.002000s ]
INFO: [ app_end ] --END-- [ RunTime:0.002000s ]

[ 2017-02-28T23:04:37+08:00 ] 127.0.0.1 /138/arche/index.php/Admin/Menu/index/opt/showMenu.html
INFO: [ app_init ] --START--
INFO: Run Behavior\BuildLiteBehavior [ RunTime:0.001000s ]
INFO: [ app_init ] --END-- [ RunTime:0.002000s ]
INFO: [ app_begin ] --START--
INFO: Run Behavior\ReadHtmlCacheBehavior [ RunTime:0.003000s ]
INFO: [ app_begin ] --END-- [ RunTime:0.003000s ]
SQL: SHOW COLUMNS FROM `ts_menu` [ RunTime:0.0090s ]
SQL: SHOW COLUMNS FROM `ts_dict` [ RunTime:0.0100s ]
SQL: SELECT * FROM `ts_dict` WHERE `field` = 'status'  [ RunTime:0.0010s ]
SQL: SELECT m.id,m.name,m.pid,`url`,`sort`,`icon`,di.name AS `status` FROM ts_menu m INNER JOIN ts_dict di on di.field="status" and m.status=di.value    [ RunTime:0.0010s ]
INFO: [ view_parse ] --START--
INFO: [ template_filter ] --START--
INFO: Run Behavior\ContentReplaceBehavior [ RunTime:0.001000s ]
INFO: [ template_filter ] --END-- [ RunTime:0.001000s ]
INFO: Run Behavior\ParseTemplateBehavior [ RunTime:0.091005s ]
INFO: [ view_parse ] --END-- [ RunTime:0.092005s ]
INFO: [ view_filter ] --START--
INFO: Run Behavior\WriteHtmlCacheBehavior [ RunTime:0.001000s ]
INFO: [ view_filter ] --END-- [ RunTime:0.001000s ]
INFO: [ app_end ] --START--
INFO: Run Behavior\ShowPageTraceBehavior [ RunTime:0.002001s ]
INFO: [ app_end ] --END-- [ RunTime:0.002001s ]

[ 2017-02-28T23:04:40+08:00 ] 127.0.0.1 /138/arche/index.php/Admin/Menu/index/opt/editMenu/id/6
INFO: [ app_init ] --START--
INFO: Run Behavior\BuildLiteBehavior [ RunTime:0.000000s ]
INFO: [ app_init ] --END-- [ RunTime:0.005000s ]
INFO: [ app_begin ] --START--
INFO: Run Behavior\ReadHtmlCacheBehavior [ RunTime:0.003000s ]
INFO: [ app_begin ] --END-- [ RunTime:0.004000s ]
SQL: SHOW COLUMNS FROM `ts_menu` [ RunTime:0.0140s ]
SQL: SHOW COLUMNS FROM `ts_dict` [ RunTime:0.0070s ]
SQL: SELECT * FROM `ts_dict` WHERE `field` = 'status'  [ RunTime:0.0010s ]
SQL: SHOW COLUMNS FROM `ts_menu` [ RunTime:0.0080s ]
SQL: SELECT COUNT(*) AS tp_count FROM `ts_menu` WHERE `pid` = 6 LIMIT 1   [ RunTime:0.0020s ]
INFO: [ app_end ] --START--
INFO: Run Behavior\ShowPageTraceBehavior [ RunTime:0.001000s ]
INFO: [ app_end ] --END-- [ RunTime:0.003000s ]

[ 2017-02-28T23:05:24+08:00 ] 127.0.0.1 /138/arche/index.php/Admin/Menu/index/opt/showMenu.html
INFO: [ app_init ] --START--
INFO: Run Behavior\BuildLiteBehavior [ RunTime:0.000000s ]
INFO: [ app_init ] --END-- [ RunTime:0.002000s ]
INFO: [ app_begin ] --START--
INFO: Run Behavior\ReadHtmlCacheBehavior [ RunTime:0.002000s ]
INFO: [ app_begin ] --END-- [ RunTime:0.002000s ]
SQL: SHOW COLUMNS FROM `ts_menu` [ RunTime:0.0090s ]
SQL: SHOW COLUMNS FROM `ts_dict` [ RunTime:0.0080s ]
SQL: SELECT * FROM `ts_dict` WHERE `field` = 'status'  [ RunTime:0.0010s ]
SQL: SELECT m.id,m.name,m.pid,`url`,`sort`,`icon`,di.name AS `status` FROM ts_menu m INNER JOIN ts_dict di on di.field="status" and m.status=di.value    [ RunTime:0.0020s ]
INFO: [ view_parse ] --START--
INFO: [ template_filter ] --START--
INFO: Run Behavior\ContentReplaceBehavior [ RunTime:0.000000s ]
INFO: [ template_filter ] --END-- [ RunTime:0.001000s ]
INFO: Run Behavior\ParseTemplateBehavior [ RunTime:0.092005s ]
INFO: [ view_parse ] --END-- [ RunTime:0.093005s ]
INFO: [ view_filter ] --START--
INFO: Run Behavior\WriteHtmlCacheBehavior [ RunTime:0.001000s ]
INFO: [ view_filter ] --END-- [ RunTime:0.001000s ]
INFO: [ app_end ] --START--
INFO: Run Behavior\ShowPageTraceBehavior [ RunTime:0.001001s ]
INFO: [ app_end ] --END-- [ RunTime:0.003001s ]

[ 2017-02-28T23:05:26+08:00 ] 127.0.0.1 /138/arche/index.php/Admin/Menu/index/opt/editMenu/id/6
INFO: [ app_init ] --START--
INFO: Run Behavior\BuildLiteBehavior [ RunTime:0.000000s ]
INFO: [ app_init ] --END-- [ RunTime:0.003000s ]
INFO: [ app_begin ] --START--
INFO: Run Behavior\ReadHtmlCacheBehavior [ RunTime:0.001000s ]
INFO: [ app_begin ] --END-- [ RunTime:0.002000s ]
SQL: SHOW COLUMNS FROM `ts_menu` [ RunTime:0.0080s ]
SQL: SHOW COLUMNS FROM `ts_dict` [ RunTime:0.0080s ]
SQL: SELECT * FROM `ts_dict` WHERE `field` = 'status'  [ RunTime:0.0010s ]
SQL: SHOW COLUMNS FROM `ts_menu` [ RunTime:0.0080s ]
SQL: SELECT COUNT(*) AS tp_count FROM `ts_menu` WHERE `pid` = 6 LIMIT 1   [ RunTime:0.0010s ]
INFO: [ app_end ] --START--
INFO: Run Behavior\ShowPageTraceBehavior [ RunTime:0.001000s ]
INFO: [ app_end ] --END-- [ RunTime:0.003000s ]

